{"C:\\Users\\Nacent Soul\\Desktop\\TaskMaster API\\src\\server.ts": {"path":"C:\\Users\\Nacent Soul\\Desktop\\TaskMaster API\\src\\server.ts","statementMap":{"0":{"start":{"line":1,"column":0},"end":{"line":1,"column":67}},"1":{"start":{"line":2,"column":0},"end":{"line":2,"column":28}},"2":{"start":{"line":3,"column":0},"end":{"line":3,"column":44}},"3":{"start":{"line":4,"column":0},"end":{"line":4,"column":41}},"4":{"start":{"line":5,"column":0},"end":{"line":5,"column":41}},"5":{"start":{"line":8,"column":4},"end":{"line":8,"column":20}},"6":{"start":{"line":10,"column":16},"end":{"line":10,"column":25}},"7":{"start":{"line":12,"column":4},"end":{"line":12,"column":28}},"8":{"start":{"line":13,"column":4},"end":{"line":13,"column":28}},"9":{"start":{"line":16,"column":4},"end":{"line":20,"column":7}},"10":{"start":{"line":18,"column":8},"end":{"line":18,"column":32}},"11":{"start":{"line":19,"column":8},"end":{"line":19,"column":53}},"12":{"start":{"line":22,"column":4},"end":{"line":22,"column":33}},"13":{"start":{"line":24,"column":4},"end":{"line":24,"column":15}},"14":{"start":{"line":27,"column":0},"end":{"line":27,"column":28}}},"fnMap":{"0":{"name":"createServer","decl":{"start":{"line":7,"column":9},"end":{"line":7,"column":21}},"loc":{"start":{"line":7,"column":21},"end":{"line":25,"column":1}}},"1":{"name":"(anonymous_2)","decl":{"start":{"line":16,"column":12},"end":{"line":16,"column":13}},"loc":{"start":{"line":16,"column":77},"end":{"line":20,"column":5}}}},"branchMap":{},"s":{"0":3,"1":3,"2":3,"3":3,"4":3,"5":3,"6":3,"7":3,"8":3,"9":3,"10":0,"11":0,"12":3,"13":3,"14":3},"f":{"0":3,"1":0},"b":{}}
,"C:\\Users\\Nacent Soul\\Desktop\\TaskMaster API\\src\\controllers\\v1\\authController.ts": {"path":"C:\\Users\\Nacent Soul\\Desktop\\TaskMaster API\\src\\controllers\\v1\\authController.ts","statementMap":{"0":{"start":{"line":2,"column":0},"end":{"line":2,"column":97}},"1":{"start":{"line":3,"column":0},"end":{"line":3,"column":63}},"2":{"start":{"line":4,"column":0},"end":{"line":4,"column":45}},"3":{"start":{"line":5,"column":0},"end":{"line":5,"column":66}},"4":{"start":{"line":6,"column":0},"end":{"line":6,"column":106}},"5":{"start":{"line":8,"column":28},"end":{"line":50,"column":1}},"6":{"start":{"line":9,"column":4},"end":{"line":49,"column":5}},"7":{"start":{"line":10,"column":37},"end":{"line":10,"column":71}},"8":{"start":{"line":12,"column":8},"end":{"line":14,"column":9}},"9":{"start":{"line":13,"column":12},"end":{"line":13,"column":75}},"10":{"start":{"line":17,"column":24},"end":{"line":17,"column":64}},"11":{"start":{"line":18,"column":21},"end":{"line":18,"column":43}},"12":{"start":{"line":19,"column":8},"end":{"line":21,"column":9}},"13":{"start":{"line":20,"column":12},"end":{"line":20,"column":71}},"14":{"start":{"line":24,"column":29},"end":{"line":24,"column":109}},"15":{"start":{"line":25,"column":32},"end":{"line":25,"column":71}},"16":{"start":{"line":26,"column":8},"end":{"line":26,"column":44}},"17":{"start":{"line":27,"column":8},"end":{"line":27,"column":26}},"18":{"start":{"line":30,"column":8},"end":{"line":34,"column":11}},"19":{"start":{"line":36,"column":8},"end":{"line":40,"column":11}},"20":{"start":{"line":42,"column":8},"end":{"line":45,"column":11}},"21":{"start":{"line":47,"column":8},"end":{"line":47,"column":28}},"22":{"start":{"line":48,"column":8},"end":{"line":48,"column":38}},"23":{"start":{"line":8,"column":13},"end":{"line":8,"column":28}}},"fnMap":{"0":{"name":"(anonymous_1)","decl":{"start":{"line":8,"column":28},"end":{"line":8,"column":33}},"loc":{"start":{"line":8,"column":66},"end":{"line":50,"column":1}}}},"branchMap":{"0":{"loc":{"start":{"line":12,"column":8},"end":{"line":14,"column":9}},"type":"if","locations":[{"start":{"line":12,"column":8},"end":{"line":14,"column":9}}]},"1":{"loc":{"start":{"line":19,"column":8},"end":{"line":21,"column":9}},"type":"if","locations":[{"start":{"line":19,"column":8},"end":{"line":21,"column":9}}]},"2":{"loc":{"start":{"line":19,"column":12},"end":{"line":19,"column":63}},"type":"binary-expr","locations":[{"start":{"line":19,"column":12},"end":{"line":19,"column":17}},{"start":{"line":19,"column":21},"end":{"line":19,"column":63}}]}},"s":{"0":3,"1":3,"2":3,"3":3,"4":3,"5":3,"6":5,"7":5,"8":5,"9":5,"10":0,"11":0,"12":0,"13":0,"14":0,"15":0,"16":0,"17":0,"18":0,"19":0,"20":0,"21":0,"22":0,"23":3},"f":{"0":5},"b":{"0":[5],"1":[0],"2":[0,0]}}
,"C:\\Users\\Nacent Soul\\Desktop\\TaskMaster API\\src\\controllers\\v1\\taskController.ts": {"path":"C:\\Users\\Nacent Soul\\Desktop\\TaskMaster API\\src\\controllers\\v1\\taskController.ts","statementMap":{"0":{"start":{"line":2,"column":0},"end":{"line":2,"column":45}},"1":{"start":{"line":3,"column":0},"end":{"line":3,"column":66}},"2":{"start":{"line":4,"column":0},"end":{"line":4,"column":58}},"3":{"start":{"line":5,"column":0},"end":{"line":5,"column":76}},"4":{"start":{"line":6,"column":0},"end":{"line":6,"column":76}},"5":{"start":{"line":7,"column":0},"end":{"line":7,"column":null}},"6":{"start":{"line":13,"column":0},"end":{"line":13,"column":null}},"7":{"start":{"line":23,"column":0},"end":{"line":23,"column":80}},"8":{"start":{"line":25,"column":27},"end":{"line":39,"column":1}},"9":{"start":{"line":26,"column":4},"end":{"line":38,"column":5}},"10":{"start":{"line":27,"column":23},"end":{"line":27,"column":42}},"11":{"start":{"line":28,"column":22},"end":{"line":28,"column":55}},"12":{"start":{"line":30,"column":8},"end":{"line":34,"column":11}},"13":{"start":{"line":36,"column":8},"end":{"line":36,"column":28}},"14":{"start":{"line":37,"column":8},"end":{"line":37,"column":38}},"15":{"start":{"line":25,"column":13},"end":{"line":25,"column":27}},"16":{"start":{"line":41,"column":30},"end":{"line":70,"column":1}},"17":{"start":{"line":42,"column":4},"end":{"line":69,"column":5}},"18":{"start":{"line":43,"column":23},"end":{"line":43,"column":40}},"19":{"start":{"line":44,"column":23},"end":{"line":44,"column":42}},"20":{"start":{"line":47,"column":8},"end":{"line":49,"column":9}},"21":{"start":{"line":48,"column":12},"end":{"line":48,"column":62}},"22":{"start":{"line":52,"column":21},"end":{"line":52,"column":46}},"23":{"start":{"line":53,"column":8},"end":{"line":55,"column":9}},"24":{"start":{"line":54,"column":12},"end":{"line":54,"column":62}},"25":{"start":{"line":58,"column":8},"end":{"line":60,"column":9}},"26":{"start":{"line":59,"column":12},"end":{"line":59,"column":62}},"27":{"start":{"line":62,"column":8},"end":{"line":65,"column":11}},"28":{"start":{"line":67,"column":8},"end":{"line":67,"column":28}},"29":{"start":{"line":68,"column":8},"end":{"line":68,"column":38}},"30":{"start":{"line":41,"column":13},"end":{"line":41,"column":30}},"31":{"start":{"line":72,"column":29},"end":{"line":103,"column":1}},"32":{"start":{"line":73,"column":4},"end":{"line":102,"column":5}},"33":{"start":{"line":74,"column":21},"end":{"line":74,"column":29}},"34":{"start":{"line":75,"column":21},"end":{"line":75,"column":36}},"35":{"start":{"line":76,"column":23},"end":{"line":76,"column":52}},"36":{"start":{"line":79,"column":33},"end":{"line":79,"column":69}},"37":{"start":{"line":80,"column":8},"end":{"line":82,"column":9}},"38":{"start":{"line":81,"column":12},"end":{"line":81,"column":64}},"39":{"start":{"line":85,"column":75},"end":{"line":85,"column":79}},"40":{"start":{"line":86,"column":29},"end":{"line":86,"column":73}},"41":{"start":{"line":87,"column":8},"end":{"line":89,"column":9}},"42":{"start":{"line":88,"column":12},"end":{"line":88,"column":69}},"43":{"start":{"line":92,"column":24},"end":{"line":92,"column":90}},"44":{"start":{"line":94,"column":8},"end":{"line":98,"column":11}},"45":{"start":{"line":100,"column":8},"end":{"line":100,"column":28}},"46":{"start":{"line":101,"column":8},"end":{"line":101,"column":38}},"47":{"start":{"line":72,"column":13},"end":{"line":72,"column":29}},"48":{"start":{"line":105,"column":29},"end":{"line":154,"column":1}},"49":{"start":{"line":106,"column":4},"end":{"line":153,"column":5}},"50":{"start":{"line":107,"column":23},"end":{"line":107,"column":40}},"51":{"start":{"line":108,"column":23},"end":{"line":108,"column":42}},"52":{"start":{"line":109,"column":28},"end":{"line":109,"column":36}},"53":{"start":{"line":112,"column":8},"end":{"line":114,"column":9}},"54":{"start":{"line":113,"column":12},"end":{"line":113,"column":62}},"55":{"start":{"line":117,"column":33},"end":{"line":117,"column":76}},"56":{"start":{"line":118,"column":8},"end":{"line":120,"column":9}},"57":{"start":{"line":119,"column":12},"end":{"line":119,"column":64}},"58":{"start":{"line":123,"column":29},"end":{"line":123,"column":54}},"59":{"start":{"line":124,"column":8},"end":{"line":126,"column":9}},"60":{"start":{"line":125,"column":12},"end":{"line":125,"column":62}},"61":{"start":{"line":129,"column":28},"end":{"line":129,"column":67}},"62":{"start":{"line":130,"column":8},"end":{"line":136,"column":9}},"63":{"start":{"line":135,"column":12},"end":{"line":135,"column":70}},"64":{"start":{"line":139,"column":8},"end":{"line":141,"column":9}},"65":{"start":{"line":140,"column":12},"end":{"line":140,"column":62}},"66":{"start":{"line":144,"column":8},"end":{"line":144,"column":46}},"67":{"start":{"line":146,"column":8},"end":{"line":149,"column":11}},"68":{"start":{"line":151,"column":8},"end":{"line":151,"column":28}},"69":{"start":{"line":152,"column":8},"end":{"line":152,"column":38}},"70":{"start":{"line":105,"column":13},"end":{"line":105,"column":29}},"71":{"start":{"line":156,"column":29},"end":{"line":188,"column":1}},"72":{"start":{"line":157,"column":4},"end":{"line":187,"column":5}},"73":{"start":{"line":158,"column":23},"end":{"line":158,"column":40}},"74":{"start":{"line":159,"column":23},"end":{"line":159,"column":42}},"75":{"start":{"line":162,"column":8},"end":{"line":164,"column":9}},"76":{"start":{"line":163,"column":12},"end":{"line":163,"column":62}},"77":{"start":{"line":167,"column":29},"end":{"line":167,"column":54}},"78":{"start":{"line":168,"column":8},"end":{"line":170,"column":9}},"79":{"start":{"line":169,"column":12},"end":{"line":169,"column":62}},"80":{"start":{"line":173,"column":8},"end":{"line":175,"column":9}},"81":{"start":{"line":174,"column":12},"end":{"line":174,"column":62}},"82":{"start":{"line":178,"column":8},"end":{"line":178,"column":33}},"83":{"start":{"line":180,"column":8},"end":{"line":183,"column":11}},"84":{"start":{"line":185,"column":8},"end":{"line":185,"column":28}},"85":{"start":{"line":186,"column":8},"end":{"line":186,"column":38}},"86":{"start":{"line":156,"column":13},"end":{"line":156,"column":29}}},"fnMap":{"0":{"name":"(anonymous_1)","decl":{"start":{"line":25,"column":27},"end":{"line":25,"column":32}},"loc":{"start":{"line":25,"column":65},"end":{"line":39,"column":1}}},"1":{"name":"(anonymous_2)","decl":{"start":{"line":41,"column":30},"end":{"line":41,"column":35}},"loc":{"start":{"line":41,"column":68},"end":{"line":70,"column":1}}},"2":{"name":"(anonymous_3)","decl":{"start":{"line":72,"column":29},"end":{"line":72,"column":34}},"loc":{"start":{"line":72,"column":67},"end":{"line":103,"column":1}}},"3":{"name":"(anonymous_4)","decl":{"start":{"line":105,"column":29},"end":{"line":105,"column":34}},"loc":{"start":{"line":105,"column":67},"end":{"line":154,"column":1}}},"4":{"name":"(anonymous_5)","decl":{"start":{"line":156,"column":29},"end":{"line":156,"column":34}},"loc":{"start":{"line":156,"column":67},"end":{"line":188,"column":1}}}},"branchMap":{"0":{"loc":{"start":{"line":47,"column":8},"end":{"line":49,"column":9}},"type":"if","locations":[{"start":{"line":47,"column":8},"end":{"line":49,"column":9}}]},"1":{"loc":{"start":{"line":53,"column":8},"end":{"line":55,"column":9}},"type":"if","locations":[{"start":{"line":53,"column":8},"end":{"line":55,"column":9}}]},"2":{"loc":{"start":{"line":58,"column":8},"end":{"line":60,"column":9}},"type":"if","locations":[{"start":{"line":58,"column":8},"end":{"line":60,"column":9}}]},"3":{"loc":{"start":{"line":80,"column":8},"end":{"line":82,"column":9}},"type":"if","locations":[{"start":{"line":80,"column":8},"end":{"line":82,"column":9}}]},"4":{"loc":{"start":{"line":87,"column":8},"end":{"line":89,"column":9}},"type":"if","locations":[{"start":{"line":87,"column":8},"end":{"line":89,"column":9}}]},"5":{"loc":{"start":{"line":87,"column":12},"end":{"line":87,"column":80}},"type":"binary-expr","locations":[{"start":{"line":87,"column":12},"end":{"line":87,"column":24}},{"start":{"line":87,"column":28},"end":{"line":87,"column":80}}]},"6":{"loc":{"start":{"line":112,"column":8},"end":{"line":114,"column":9}},"type":"if","locations":[{"start":{"line":112,"column":8},"end":{"line":114,"column":9}}]},"7":{"loc":{"start":{"line":118,"column":8},"end":{"line":120,"column":9}},"type":"if","locations":[{"start":{"line":118,"column":8},"end":{"line":120,"column":9}}]},"8":{"loc":{"start":{"line":124,"column":8},"end":{"line":126,"column":9}},"type":"if","locations":[{"start":{"line":124,"column":8},"end":{"line":126,"column":9}}]},"9":{"loc":{"start":{"line":130,"column":8},"end":{"line":136,"column":9}},"type":"if","locations":[{"start":{"line":130,"column":8},"end":{"line":136,"column":9}}]},"10":{"loc":{"start":{"line":131,"column":12},"end":{"line":133,"column":63}},"type":"binary-expr","locations":[{"start":{"line":131,"column":12},"end":{"line":131,"column":23}},{"start":{"line":132,"column":12},"end":{"line":132,"column":60}},{"start":{"line":133,"column":12},"end":{"line":133,"column":63}}]},"11":{"loc":{"start":{"line":139,"column":8},"end":{"line":141,"column":9}},"type":"if","locations":[{"start":{"line":139,"column":8},"end":{"line":141,"column":9}}]},"12":{"loc":{"start":{"line":162,"column":8},"end":{"line":164,"column":9}},"type":"if","locations":[{"start":{"line":162,"column":8},"end":{"line":164,"column":9}}]},"13":{"loc":{"start":{"line":168,"column":8},"end":{"line":170,"column":9}},"type":"if","locations":[{"start":{"line":168,"column":8},"end":{"line":170,"column":9}}]},"14":{"loc":{"start":{"line":173,"column":8},"end":{"line":175,"column":9}},"type":"if","locations":[{"start":{"line":173,"column":8},"end":{"line":175,"column":9}}]}},"s":{"0":3,"1":3,"2":3,"3":3,"4":3,"5":3,"6":3,"7":3,"8":3,"9":0,"10":0,"11":0,"12":0,"13":0,"14":0,"15":3,"16":3,"17":0,"18":0,"19":0,"20":0,"21":0,"22":0,"23":0,"24":0,"25":0,"26":0,"27":0,"28":0,"29":0,"30":3,"31":3,"32":0,"33":0,"34":0,"35":0,"36":0,"37":0,"38":0,"39":0,"40":0,"41":0,"42":0,"43":0,"44":0,"45":0,"46":0,"47":3,"48":3,"49":0,"50":0,"51":0,"52":0,"53":0,"54":0,"55":0,"56":0,"57":0,"58":0,"59":0,"60":0,"61":0,"62":0,"63":0,"64":0,"65":0,"66":0,"67":0,"68":0,"69":0,"70":3,"71":3,"72":0,"73":0,"74":0,"75":0,"76":0,"77":0,"78":0,"79":0,"80":0,"81":0,"82":0,"83":0,"84":0,"85":0,"86":3},"f":{"0":0,"1":0,"2":0,"3":0,"4":0},"b":{"0":[0],"1":[0],"2":[0],"3":[0],"4":[0],"5":[0,0],"6":[0],"7":[0],"8":[0],"9":[0],"10":[0,0,0],"11":[0],"12":[0],"13":[0],"14":[0]}}
,"C:\\Users\\Nacent Soul\\Desktop\\TaskMaster API\\src\\controllers\\v1\\userController.ts": {"path":"C:\\Users\\Nacent Soul\\Desktop\\TaskMaster API\\src\\controllers\\v1\\userController.ts","statementMap":{"0":{"start":{"line":2,"column":0},"end":{"line":2,"column":63}},"1":{"start":{"line":3,"column":0},"end":{"line":3,"column":63}},"2":{"start":{"line":4,"column":0},"end":{"line":4,"column":58}},"3":{"start":{"line":5,"column":0},"end":{"line":5,"column":97}},"4":{"start":{"line":6,"column":0},"end":{"line":6,"column":67}},"5":{"start":{"line":7,"column":0},"end":{"line":7,"column":81}},"6":{"start":{"line":8,"column":0},"end":{"line":8,"column":45}},"7":{"start":{"line":9,"column":0},"end":{"line":9,"column":66}},"8":{"start":{"line":10,"column":0},"end":{"line":10,"column":86}},"9":{"start":{"line":13,"column":24},"end":{"line":45,"column":1}},"10":{"start":{"line":14,"column":4},"end":{"line":44,"column":5}},"11":{"start":{"line":15,"column":21},"end":{"line":15,"column":29}},"12":{"start":{"line":18,"column":33},"end":{"line":18,"column":65}},"13":{"start":{"line":19,"column":8},"end":{"line":21,"column":9}},"14":{"start":{"line":20,"column":12},"end":{"line":20,"column":64}},"15":{"start":{"line":24,"column":46},"end":{"line":24,"column":50}},"16":{"start":{"line":25,"column":29},"end":{"line":25,"column":63}},"17":{"start":{"line":27,"column":8},"end":{"line":30,"column":9}},"18":{"start":{"line":28,"column":35},"end":{"line":28,"column":86}},"19":{"start":{"line":29,"column":12},"end":{"line":29,"column":97}},"20":{"start":{"line":33,"column":31},"end":{"line":33,"column":59}},"21":{"start":{"line":35,"column":8},"end":{"line":35,"column":68}},"22":{"start":{"line":37,"column":8},"end":{"line":40,"column":11}},"23":{"start":{"line":42,"column":8},"end":{"line":42,"column":28}},"24":{"start":{"line":43,"column":8},"end":{"line":43,"column":38}},"25":{"start":{"line":13,"column":13},"end":{"line":13,"column":24}},"26":{"start":{"line":47,"column":21},"end":{"line":101,"column":1}},"27":{"start":{"line":48,"column":4},"end":{"line":100,"column":5}},"28":{"start":{"line":49,"column":21},"end":{"line":49,"column":29}},"29":{"start":{"line":52,"column":32},"end":{"line":52,"column":64}},"30":{"start":{"line":53,"column":8},"end":{"line":55,"column":9}},"31":{"start":{"line":54,"column":12},"end":{"line":54,"column":63}},"32":{"start":{"line":57,"column":36},"end":{"line":57,"column":40}},"33":{"start":{"line":58,"column":21},"end":{"line":58,"column":45}},"34":{"start":{"line":59,"column":8},"end":{"line":61,"column":9}},"35":{"start":{"line":60,"column":12},"end":{"line":60,"column":64}},"36":{"start":{"line":64,"column":32},"end":{"line":64,"column":78}},"37":{"start":{"line":65,"column":8},"end":{"line":67,"column":9}},"38":{"start":{"line":66,"column":12},"end":{"line":66,"column":76}},"39":{"start":{"line":70,"column":45},"end":{"line":74,"column":10}},"40":{"start":{"line":75,"column":26},"end":{"line":75,"column":58}},"41":{"start":{"line":76,"column":29},"end":{"line":76,"column":68}},"42":{"start":{"line":77,"column":8},"end":{"line":77,"column":41}},"43":{"start":{"line":78,"column":8},"end":{"line":78,"column":26}},"44":{"start":{"line":81,"column":8},"end":{"line":85,"column":11}},"45":{"start":{"line":87,"column":8},"end":{"line":91,"column":11}},"46":{"start":{"line":93,"column":8},"end":{"line":96,"column":11}},"47":{"start":{"line":98,"column":8},"end":{"line":98,"column":28}},"48":{"start":{"line":99,"column":8},"end":{"line":99,"column":38}},"49":{"start":{"line":47,"column":13},"end":{"line":47,"column":21}}},"fnMap":{"0":{"name":"(anonymous_1)","decl":{"start":{"line":13,"column":24},"end":{"line":13,"column":29}},"loc":{"start":{"line":13,"column":62},"end":{"line":45,"column":1}}},"1":{"name":"(anonymous_2)","decl":{"start":{"line":47,"column":21},"end":{"line":47,"column":26}},"loc":{"start":{"line":47,"column":59},"end":{"line":101,"column":1}}}},"branchMap":{"0":{"loc":{"start":{"line":19,"column":8},"end":{"line":21,"column":9}},"type":"if","locations":[{"start":{"line":19,"column":8},"end":{"line":21,"column":9}}]},"1":{"loc":{"start":{"line":27,"column":8},"end":{"line":30,"column":9}},"type":"if","locations":[{"start":{"line":27,"column":8},"end":{"line":30,"column":9}}]},"2":{"loc":{"start":{"line":28,"column":35},"end":{"line":28,"column":86}},"type":"cond-expr","locations":[{"start":{"line":28,"column":66},"end":{"line":28,"column":73}},{"start":{"line":28,"column":76},"end":{"line":28,"column":86}}]},"3":{"loc":{"start":{"line":53,"column":8},"end":{"line":55,"column":9}},"type":"if","locations":[{"start":{"line":53,"column":8},"end":{"line":55,"column":9}}]},"4":{"loc":{"start":{"line":59,"column":8},"end":{"line":61,"column":9}},"type":"if","locations":[{"start":{"line":59,"column":8},"end":{"line":61,"column":9}}]},"5":{"loc":{"start":{"line":65,"column":8},"end":{"line":67,"column":9}},"type":"if","locations":[{"start":{"line":65,"column":8},"end":{"line":67,"column":9}}]}},"s":{"0":3,"1":3,"2":3,"3":3,"4":3,"5":3,"6":3,"7":3,"8":3,"9":3,"10":8,"11":8,"12":8,"13":8,"14":1,"15":7,"16":7,"17":7,"18":3,"19":3,"20":4,"21":3,"22":2,"23":2,"24":2,"25":3,"26":3,"27":6,"28":6,"29":6,"30":6,"31":1,"32":5,"33":5,"34":5,"35":1,"36":4,"37":3,"38":1,"39":2,"40":2,"41":1,"42":1,"43":1,"44":1,"45":1,"46":1,"47":2,"48":2,"49":3},"f":{"0":8,"1":6},"b":{"0":[1],"1":[3],"2":[1,2],"3":[1],"4":[1],"5":[1]}}
,"C:\\Users\\Nacent Soul\\Desktop\\TaskMaster API\\src\\enums\\httpStatus.ts": {"path":"C:\\Users\\Nacent Soul\\Desktop\\TaskMaster API\\src\\enums\\httpStatus.ts","statementMap":{"0":{"start":{"line":1,"column":0},"end":{"line":1,"column":null}},"1":{"start":{"line":2,"column":4},"end":{"line":2,"column":null}},"2":{"start":{"line":3,"column":4},"end":{"line":3,"column":null}},"3":{"start":{"line":4,"column":4},"end":{"line":4,"column":null}},"4":{"start":{"line":5,"column":4},"end":{"line":5,"column":null}},"5":{"start":{"line":6,"column":4},"end":{"line":6,"column":null}},"6":{"start":{"line":7,"column":4},"end":{"line":7,"column":null}},"7":{"start":{"line":8,"column":4},"end":{"line":8,"column":null}},"8":{"start":{"line":9,"column":4},"end":{"line":9,"column":null}},"9":{"start":{"line":10,"column":4},"end":{"line":10,"column":null}},"10":{"start":{"line":11,"column":4},"end":{"line":11,"column":null}},"11":{"start":{"line":12,"column":4},"end":{"line":12,"column":null}}},"fnMap":{"0":{"name":"(anonymous_0)","decl":{"start":{"line":1,"column":0},"end":{"line":1,"column":12}},"loc":{"start":{"line":1,"column":22},"end":{"line":13,"column":1}}}},"branchMap":{"0":{"loc":{"start":{"line":1,"column":12},"end":{"line":1,"column":null}},"type":"binary-expr","locations":[{"start":{"line":1,"column":12},"end":{"line":1,"column":22}},{"start":{"line":1,"column":22},"end":{"line":1,"column":null}}]}},"s":{"0":3,"1":3,"2":3,"3":3,"4":3,"5":3,"6":3,"7":3,"8":3,"9":3,"10":3,"11":3},"f":{"0":3},"b":{"0":[3,3]}}
,"C:\\Users\\Nacent Soul\\Desktop\\TaskMaster API\\src\\helpers\\errorHandler.ts": {"path":"C:\\Users\\Nacent Soul\\Desktop\\TaskMaster API\\src\\helpers\\errorHandler.ts","statementMap":{"0":{"start":{"line":4,"column":0},"end":{"line":4,"column":16}},"1":{"start":{"line":12,"column":0},"end":{"line":12,"column":16}},"2":{"start":{"line":2,"column":0},"end":{"line":2,"column":71}},"3":{"start":{"line":5,"column":4},"end":{"line":9,"column":5}},"4":{"start":{"line":6,"column":8},"end":{"line":6,"column":70}},"5":{"start":{"line":8,"column":8},"end":{"line":8,"column":81}},"6":{"start":{"line":13,"column":4},"end":{"line":17,"column":5}},"7":{"start":{"line":14,"column":8},"end":{"line":14,"column":39}},"8":{"start":{"line":16,"column":8},"end":{"line":16,"column":53}}},"fnMap":{"0":{"name":"sendErrorResponse","decl":{"start":{"line":4,"column":16},"end":{"line":4,"column":33}},"loc":{"start":{"line":4,"column":63},"end":{"line":10,"column":1}}},"1":{"name":"throwError","decl":{"start":{"line":12,"column":16},"end":{"line":12,"column":26}},"loc":{"start":{"line":12,"column":41},"end":{"line":18,"column":1}}}},"branchMap":{"0":{"loc":{"start":{"line":5,"column":4},"end":{"line":9,"column":5}},"type":"if","locations":[{"start":{"line":5,"column":4},"end":{"line":9,"column":5}},{"start":{"line":7,"column":11},"end":{"line":9,"column":5}}]},"1":{"loc":{"start":{"line":13,"column":4},"end":{"line":17,"column":5}},"type":"if","locations":[{"start":{"line":13,"column":4},"end":{"line":17,"column":5}},{"start":{"line":15,"column":11},"end":{"line":17,"column":5}}]}},"s":{"0":3,"1":3,"2":3,"3":4,"4":4,"5":0,"6":0,"7":0,"8":0},"f":{"0":4,"1":0},"b":{"0":[4,0],"1":[0,0]}}
,"C:\\Users\\Nacent Soul\\Desktop\\TaskMaster API\\src\\helpers\\helpers.ts": {"path":"C:\\Users\\Nacent Soul\\Desktop\\TaskMaster API\\src\\helpers\\helpers.ts","statementMap":{"0":{"start":{"line":1,"column":0},"end":{"line":1,"column":32}},"1":{"start":{"line":2,"column":0},"end":{"line":2,"column":35}},"2":{"start":{"line":3,"column":0},"end":{"line":3,"column":44}},"3":{"start":{"line":5,"column":35},"end":{"line":11,"column":1}},"4":{"start":{"line":6,"column":4},"end":{"line":10,"column":5}},"5":{"start":{"line":7,"column":8},"end":{"line":7,"column":47}},"6":{"start":{"line":9,"column":8},"end":{"line":9,"column":26}},"7":{"start":{"line":5,"column":13},"end":{"line":5,"column":35}},"8":{"start":{"line":13,"column":31},"end":{"line":15,"column":1}},"9":{"start":{"line":14,"column":4},"end":{"line":14,"column":70}},"10":{"start":{"line":13,"column":13},"end":{"line":13,"column":31}}},"fnMap":{"0":{"name":"(anonymous_1)","decl":{"start":{"line":5,"column":35},"end":{"line":5,"column":36}},"loc":{"start":{"line":5,"column":75},"end":{"line":11,"column":1}}},"1":{"name":"(anonymous_2)","decl":{"start":{"line":13,"column":31},"end":{"line":13,"column":32}},"loc":{"start":{"line":13,"column":55},"end":{"line":15,"column":1}}}},"branchMap":{"0":{"loc":{"start":{"line":14,"column":11},"end":{"line":14,"column":69}},"type":"binary-expr","locations":[{"start":{"line":14,"column":11},"end":{"line":14,"column":31}},{"start":{"line":14,"column":35},"end":{"line":14,"column":69}}]}},"s":{"0":3,"1":3,"2":3,"3":3,"4":0,"5":0,"6":0,"7":3,"8":3,"9":0,"10":3},"f":{"0":0,"1":0},"b":{"0":[0,0]}}
,"C:\\Users\\Nacent Soul\\Desktop\\TaskMaster API\\src\\helpers\\httpResponseHandler.ts": {"path":"C:\\Users\\Nacent Soul\\Desktop\\TaskMaster API\\src\\helpers\\httpResponseHandler.ts","statementMap":{"0":{"start":{"line":11,"column":0},"end":{"line":11,"column":16}},"1":{"start":{"line":17,"column":0},"end":{"line":17,"column":16}},"2":{"start":{"line":24,"column":0},"end":{"line":24,"column":16}},"3":{"start":{"line":31,"column":0},"end":{"line":31,"column":16}},"4":{"start":{"line":38,"column":0},"end":{"line":38,"column":16}},"5":{"start":{"line":45,"column":0},"end":{"line":45,"column":16}},"6":{"start":{"line":52,"column":0},"end":{"line":52,"column":16}},"7":{"start":{"line":59,"column":0},"end":{"line":59,"column":16}},"8":{"start":{"line":66,"column":0},"end":{"line":66,"column":16}},"9":{"start":{"line":76,"column":0},"end":{"line":76,"column":16}},"10":{"start":{"line":2,"column":0},"end":{"line":2,"column":49}},"11":{"start":{"line":5,"column":4},"end":{"line":7,"column":5}},"12":{"start":{"line":6,"column":8},"end":{"line":6,"column":27}},"13":{"start":{"line":8,"column":4},"end":{"line":8,"column":19}},"14":{"start":{"line":12,"column":4},"end":{"line":14,"column":7}},"15":{"start":{"line":18,"column":4},"end":{"line":21,"column":7}},"16":{"start":{"line":25,"column":4},"end":{"line":28,"column":7}},"17":{"start":{"line":32,"column":4},"end":{"line":35,"column":7}},"18":{"start":{"line":39,"column":4},"end":{"line":42,"column":7}},"19":{"start":{"line":46,"column":4},"end":{"line":49,"column":7}},"20":{"start":{"line":53,"column":4},"end":{"line":56,"column":7}},"21":{"start":{"line":60,"column":4},"end":{"line":63,"column":7}},"22":{"start":{"line":70,"column":4},"end":{"line":73,"column":7}},"23":{"start":{"line":77,"column":4},"end":{"line":80,"column":7}}},"fnMap":{"0":{"name":"transformMessage","decl":{"start":{"line":4,"column":9},"end":{"line":4,"column":25}},"loc":{"start":{"line":4,"column":50},"end":{"line":9,"column":1}}},"1":{"name":"httpExceptionHandler","decl":{"start":{"line":11,"column":16},"end":{"line":11,"column":36}},"loc":{"start":{"line":11,"column":101},"end":{"line":15,"column":1}}},"2":{"name":"HttpNotFoundHandler","decl":{"start":{"line":17,"column":16},"end":{"line":17,"column":35}},"loc":{"start":{"line":17,"column":89},"end":{"line":22,"column":1}}},"3":{"name":"HttpFetchedHandler","decl":{"start":{"line":24,"column":16},"end":{"line":24,"column":34}},"loc":{"start":{"line":24,"column":81},"end":{"line":29,"column":1}}},"4":{"name":"HttpCreatedHandler","decl":{"start":{"line":31,"column":16},"end":{"line":31,"column":34}},"loc":{"start":{"line":31,"column":86},"end":{"line":36,"column":1}}},"5":{"name":"HttpBadRequestHandler","decl":{"start":{"line":38,"column":16},"end":{"line":38,"column":37}},"loc":{"start":{"line":38,"column":93},"end":{"line":43,"column":1}}},"6":{"name":"HttpUnauthorizedHandler","decl":{"start":{"line":45,"column":16},"end":{"line":45,"column":39}},"loc":{"start":{"line":45,"column":96},"end":{"line":50,"column":1}}},"7":{"name":"HttpForbiddenHandler","decl":{"start":{"line":52,"column":16},"end":{"line":52,"column":36}},"loc":{"start":{"line":52,"column":90},"end":{"line":57,"column":1}}},"8":{"name":"HttpMethodNotAllowedHandler","decl":{"start":{"line":59,"column":16},"end":{"line":59,"column":43}},"loc":{"start":{"line":59,"column":106},"end":{"line":64,"column":1}}},"9":{"name":"HttpInternalServerErrorHandler","decl":{"start":{"line":66,"column":16},"end":{"line":66,"column":46}},"loc":{"start":{"line":68,"column":54},"end":{"line":74,"column":1}}},"10":{"name":"HttpServiceUnavailableHandler","decl":{"start":{"line":76,"column":16},"end":{"line":76,"column":45}},"loc":{"start":{"line":76,"column":109},"end":{"line":81,"column":1}}}},"branchMap":{"0":{"loc":{"start":{"line":5,"column":4},"end":{"line":7,"column":5}},"type":"if","locations":[{"start":{"line":5,"column":4},"end":{"line":7,"column":5}}]},"1":{"loc":{"start":{"line":17,"column":51},"end":{"line":17,"column":89}},"type":"default-arg","locations":[{"start":{"line":17,"column":78},"end":{"line":17,"column":89}}]},"2":{"loc":{"start":{"line":24,"column":50},"end":{"line":24,"column":81}},"type":"default-arg","locations":[{"start":{"line":24,"column":77},"end":{"line":24,"column":81}}]},"3":{"loc":{"start":{"line":31,"column":50},"end":{"line":31,"column":86}},"type":"default-arg","locations":[{"start":{"line":31,"column":77},"end":{"line":31,"column":86}}]},"4":{"loc":{"start":{"line":38,"column":53},"end":{"line":38,"column":93}},"type":"default-arg","locations":[{"start":{"line":38,"column":80},"end":{"line":38,"column":93}}]},"5":{"loc":{"start":{"line":45,"column":55},"end":{"line":45,"column":96}},"type":"default-arg","locations":[{"start":{"line":45,"column":82},"end":{"line":45,"column":96}}]},"6":{"loc":{"start":{"line":52,"column":52},"end":{"line":52,"column":90}},"type":"default-arg","locations":[{"start":{"line":52,"column":79},"end":{"line":52,"column":90}}]},"7":{"loc":{"start":{"line":59,"column":59},"end":{"line":59,"column":106}},"type":"default-arg","locations":[{"start":{"line":59,"column":86},"end":{"line":59,"column":106}}]},"8":{"loc":{"start":{"line":68,"column":4},"end":{"line":68,"column":54}},"type":"default-arg","locations":[{"start":{"line":68,"column":31},"end":{"line":68,"column":54}}]},"9":{"loc":{"start":{"line":76,"column":61},"end":{"line":76,"column":109}},"type":"default-arg","locations":[{"start":{"line":76,"column":88},"end":{"line":76,"column":109}}]}},"s":{"0":3,"1":3,"2":3,"3":3,"4":3,"5":3,"6":3,"7":3,"8":3,"9":3,"10":3,"11":19,"12":10,"13":9,"14":0,"15":0,"16":0,"17":3,"18":12,"19":0,"20":0,"21":0,"22":4,"23":0},"f":{"0":19,"1":0,"2":0,"3":0,"4":3,"5":12,"6":0,"7":0,"8":0,"9":4,"10":0},"b":{"0":[10],"1":[0],"2":[0],"3":[0],"4":[0],"5":[0],"6":[0],"7":[0],"8":[0],"9":[0]}}
,"C:\\Users\\Nacent Soul\\Desktop\\TaskMaster API\\src\\helpers\\jwtManager.ts": {"path":"C:\\Users\\Nacent Soul\\Desktop\\TaskMaster API\\src\\helpers\\jwtManager.ts","statementMap":{"0":{"start":{"line":1,"column":0},"end":{"line":1,"column":40}},"1":{"start":{"line":4,"column":33},"end":{"line":9,"column":1}},"2":{"start":{"line":5,"column":4},"end":{"line":8,"column":7}},"3":{"start":{"line":4,"column":13},"end":{"line":4,"column":33}},"4":{"start":{"line":11,"column":36},"end":{"line":16,"column":1}},"5":{"start":{"line":12,"column":4},"end":{"line":15,"column":7}},"6":{"start":{"line":11,"column":13},"end":{"line":11,"column":36}},"7":{"start":{"line":18,"column":31},"end":{"line":24,"column":1}},"8":{"start":{"line":19,"column":4},"end":{"line":23,"column":5}},"9":{"start":{"line":20,"column":8},"end":{"line":20,"column":87}},"10":{"start":{"line":22,"column":8},"end":{"line":22,"column":40}},"11":{"start":{"line":18,"column":13},"end":{"line":18,"column":31}},"12":{"start":{"line":26,"column":34},"end":{"line":32,"column":1}},"13":{"start":{"line":27,"column":4},"end":{"line":31,"column":5}},"14":{"start":{"line":28,"column":8},"end":{"line":28,"column":104}},"15":{"start":{"line":30,"column":8},"end":{"line":30,"column":49}},"16":{"start":{"line":26,"column":13},"end":{"line":26,"column":34}}},"fnMap":{"0":{"name":"(anonymous_1)","decl":{"start":{"line":4,"column":33},"end":{"line":4,"column":34}},"loc":{"start":{"line":4,"column":98},"end":{"line":9,"column":1}}},"1":{"name":"(anonymous_2)","decl":{"start":{"line":11,"column":36},"end":{"line":11,"column":37}},"loc":{"start":{"line":11,"column":104},"end":{"line":16,"column":1}}},"2":{"name":"(anonymous_3)","decl":{"start":{"line":18,"column":31},"end":{"line":18,"column":32}},"loc":{"start":{"line":18,"column":52},"end":{"line":24,"column":1}}},"3":{"name":"(anonymous_4)","decl":{"start":{"line":26,"column":34},"end":{"line":26,"column":35}},"loc":{"start":{"line":26,"column":77},"end":{"line":32,"column":1}}}},"branchMap":{"0":{"loc":{"start":{"line":7,"column":12},"end":{"line":7,"column":30}},"type":"binary-expr","locations":[{"start":{"line":7,"column":12},"end":{"line":7,"column":19}},{"start":{"line":7,"column":23},"end":{"line":7,"column":30}}]},"1":{"loc":{"start":{"line":14,"column":12},"end":{"line":14,"column":30}},"type":"binary-expr","locations":[{"start":{"line":14,"column":12},"end":{"line":14,"column":19}},{"start":{"line":14,"column":23},"end":{"line":14,"column":30}}]}},"s":{"0":3,"1":3,"2":1,"3":3,"4":3,"5":1,"6":3,"7":3,"8":0,"9":0,"10":0,"11":3,"12":3,"13":0,"14":0,"15":0,"16":3},"f":{"0":1,"1":1,"2":0,"3":0},"b":{"0":[1,0],"1":[1,0]}}
,"C:\\Users\\Nacent Soul\\Desktop\\TaskMaster API\\src\\helpers\\logger.ts": {"path":"C:\\Users\\Nacent Soul\\Desktop\\TaskMaster API\\src\\helpers\\logger.ts","statementMap":{"0":{"start":{"line":1,"column":0},"end":{"line":1,"column":26}},"1":{"start":{"line":2,"column":0},"end":{"line":2,"column":26}},"2":{"start":{"line":4,"column":12},"end":{"line":9,"column":2}},"3":{"start":{"line":8,"column":21},"end":{"line":8,"column":52}},"4":{"start":{"line":11,"column":0},"end":{"line":11,"column":19}}},"fnMap":{"0":{"name":"(anonymous_1)","decl":{"start":{"line":8,"column":15},"end":{"line":8,"column":18}},"loc":{"start":{"line":8,"column":21},"end":{"line":8,"column":52}}}},"branchMap":{},"s":{"0":3,"1":3,"2":3,"3":7,"4":3},"f":{"0":7},"b":{}}
,"C:\\Users\\Nacent Soul\\Desktop\\TaskMaster API\\src\\helpers\\paginator.ts": {"path":"C:\\Users\\Nacent Soul\\Desktop\\TaskMaster API\\src\\helpers\\paginator.ts","statementMap":{"0":{"start":{"line":11,"column":0},"end":{"line":11,"column":7}},"1":{"start":{"line":3,"column":0},"end":{"line":3,"column":47}},"2":{"start":{"line":15,"column":88},"end":{"line":15,"column":93}},"3":{"start":{"line":18,"column":23},"end":{"line":18,"column":52}},"4":{"start":{"line":19,"column":21},"end":{"line":19,"column":51}},"5":{"start":{"line":22,"column":17},"end":{"line":22,"column":44}},"6":{"start":{"line":25,"column":49},"end":{"line":25,"column":63}},"7":{"start":{"line":27,"column":4},"end":{"line":29,"column":5}},"8":{"start":{"line":28,"column":8},"end":{"line":28,"column":71}},"9":{"start":{"line":32,"column":28},"end":{"line":32,"column":66}},"10":{"start":{"line":33,"column":22},"end":{"line":33,"column":77}},"11":{"start":{"line":34,"column":22},"end":{"line":34,"column":46}},"12":{"start":{"line":35,"column":4},"end":{"line":57,"column":5}},"13":{"start":{"line":36,"column":35},"end":{"line":44,"column":10}},"14":{"start":{"line":46,"column":8},"end":{"line":54,"column":10}},"15":{"start":{"line":56,"column":8},"end":{"line":56,"column":26}}},"fnMap":{"0":{"name":"paginator","decl":{"start":{"line":11,"column":22},"end":{"line":11,"column":31}},"loc":{"start":{"line":13,"column":49},"end":{"line":58,"column":1}}}},"branchMap":{"0":{"loc":{"start":{"line":15,"column":12},"end":{"line":15,"column":20}},"type":"default-arg","locations":[{"start":{"line":15,"column":19},"end":{"line":15,"column":20}}]},"1":{"loc":{"start":{"line":15,"column":22},"end":{"line":15,"column":32}},"type":"default-arg","locations":[{"start":{"line":15,"column":30},"end":{"line":15,"column":32}}]},"2":{"loc":{"start":{"line":15,"column":34},"end":{"line":15,"column":46}},"type":"default-arg","locations":[{"start":{"line":15,"column":44},"end":{"line":15,"column":46}}]},"3":{"loc":{"start":{"line":15,"column":48},"end":{"line":15,"column":68}},"type":"default-arg","locations":[{"start":{"line":15,"column":57},"end":{"line":15,"column":68}}]},"4":{"loc":{"start":{"line":15,"column":70},"end":{"line":15,"column":83}},"type":"default-arg","locations":[{"start":{"line":15,"column":78},"end":{"line":15,"column":83}}]},"5":{"loc":{"start":{"line":27,"column":4},"end":{"line":29,"column":5}},"type":"if","locations":[{"start":{"line":27,"column":4},"end":{"line":29,"column":5}}]},"6":{"loc":{"start":{"line":33,"column":22},"end":{"line":33,"column":77}},"type":"cond-expr","locations":[{"start":{"line":33,"column":57},"end":{"line":33,"column":63}},{"start":{"line":33,"column":66},"end":{"line":33,"column":77}}]},"7":{"loc":{"start":{"line":34,"column":22},"end":{"line":34,"column":46}},"type":"cond-expr","locations":[{"start":{"line":34,"column":40},"end":{"line":34,"column":41}},{"start":{"line":34,"column":44},"end":{"line":34,"column":46}}]}},"s":{"0":3,"1":3,"2":0,"3":0,"4":0,"5":0,"6":0,"7":0,"8":0,"9":0,"10":0,"11":0,"12":0,"13":0,"14":0,"15":0},"f":{"0":0},"b":{"0":[0],"1":[0],"2":[0],"3":[0],"4":[0],"5":[0],"6":[0,0],"7":[0,0]}}
,"C:\\Users\\Nacent Soul\\Desktop\\TaskMaster API\\src\\helpers\\passwordManager.ts": {"path":"C:\\Users\\Nacent Soul\\Desktop\\TaskMaster API\\src\\helpers\\passwordManager.ts","statementMap":{"0":{"start":{"line":1,"column":0},"end":{"line":1,"column":32}},"1":{"start":{"line":2,"column":0},"end":{"line":2,"column":47}},"2":{"start":{"line":4,"column":28},"end":{"line":12,"column":1}},"3":{"start":{"line":5,"column":4},"end":{"line":11,"column":5}},"4":{"start":{"line":6,"column":21},"end":{"line":6,"column":47}},"5":{"start":{"line":7,"column":31},"end":{"line":7,"column":66}},"6":{"start":{"line":8,"column":8},"end":{"line":8,"column":30}},"7":{"start":{"line":10,"column":8},"end":{"line":10,"column":26}},"8":{"start":{"line":4,"column":13},"end":{"line":4,"column":28}},"9":{"start":{"line":14,"column":31},"end":{"line":16,"column":1}},"10":{"start":{"line":15,"column":4},"end":{"line":15,"column":60}},"11":{"start":{"line":14,"column":13},"end":{"line":14,"column":31}}},"fnMap":{"0":{"name":"(anonymous_1)","decl":{"start":{"line":4,"column":28},"end":{"line":4,"column":33}},"loc":{"start":{"line":4,"column":72},"end":{"line":12,"column":1}}},"1":{"name":"(anonymous_2)","decl":{"start":{"line":14,"column":31},"end":{"line":14,"column":36}},"loc":{"start":{"line":14,"column":82},"end":{"line":16,"column":1}}}},"branchMap":{},"s":{"0":3,"1":3,"2":3,"3":5,"4":5,"5":5,"6":5,"7":0,"8":3,"9":3,"10":2,"11":3},"f":{"0":5,"1":2},"b":{}}
,"C:\\Users\\Nacent Soul\\Desktop\\TaskMaster API\\src\\helpers\\zodValidation.ts": {"path":"C:\\Users\\Nacent Soul\\Desktop\\TaskMaster API\\src\\helpers\\zodValidation.ts","statementMap":{"0":{"start":{"line":3,"column":30},"end":{"line":13,"column":1}},"1":{"start":{"line":4,"column":23},"end":{"line":4,"column":28}},"2":{"start":{"line":5,"column":45},"end":{"line":5,"column":47}},"3":{"start":{"line":7,"column":4},"end":{"line":10,"column":7}},"4":{"start":{"line":8,"column":34},"end":{"line":8,"column":39}},"5":{"start":{"line":9,"column":8},"end":{"line":9,"column":43}},"6":{"start":{"line":12,"column":4},"end":{"line":12,"column":31}},"7":{"start":{"line":3,"column":13},"end":{"line":3,"column":30}},"8":{"start":{"line":15,"column":24},"end":{"line":23,"column":1}},"9":{"start":{"line":16,"column":18},"end":{"line":16,"column":43}},"10":{"start":{"line":18,"column":4},"end":{"line":20,"column":5}},"11":{"start":{"line":19,"column":8},"end":{"line":19,"column":43}},"12":{"start":{"line":22,"column":4},"end":{"line":22,"column":17}},"13":{"start":{"line":15,"column":13},"end":{"line":15,"column":24}}},"fnMap":{"0":{"name":"(anonymous_0)","decl":{"start":{"line":3,"column":30},"end":{"line":3,"column":31}},"loc":{"start":{"line":3,"column":50},"end":{"line":13,"column":1}}},"1":{"name":"(anonymous_1)","decl":{"start":{"line":7,"column":19},"end":{"line":7,"column":20}},"loc":{"start":{"line":7,"column":39},"end":{"line":10,"column":5}}},"2":{"name":"(anonymous_2)","decl":{"start":{"line":15,"column":24},"end":{"line":15,"column":25}},"loc":{"start":{"line":15,"column":113},"end":{"line":23,"column":1}}}},"branchMap":{"0":{"loc":{"start":{"line":18,"column":4},"end":{"line":20,"column":5}},"type":"if","locations":[{"start":{"line":18,"column":4},"end":{"line":20,"column":5}}]}},"s":{"0":3,"1":2,"2":2,"3":2,"4":8,"5":8,"6":2,"7":3,"8":3,"9":14,"10":14,"11":2,"12":12,"13":3},"f":{"0":2,"1":8,"2":14},"b":{"0":[2]}}
,"C:\\Users\\Nacent Soul\\Desktop\\TaskMaster API\\src\\middlewares\\isAuthenticate.ts": {"path":"C:\\Users\\Nacent Soul\\Desktop\\TaskMaster API\\src\\middlewares\\isAuthenticate.ts","statementMap":{"0":{"start":{"line":2,"column":0},"end":{"line":2,"column":59}},"1":{"start":{"line":3,"column":0},"end":{"line":3,"column":60}},"2":{"start":{"line":4,"column":0},"end":{"line":4,"column":76}},"3":{"start":{"line":6,"column":23},"end":{"line":26,"column":1}},"4":{"start":{"line":7,"column":22},"end":{"line":7,"column":65}},"5":{"start":{"line":9,"column":4},"end":{"line":11,"column":5}},"6":{"start":{"line":10,"column":8},"end":{"line":10,"column":60}},"7":{"start":{"line":13,"column":4},"end":{"line":25,"column":5}},"8":{"start":{"line":14,"column":24},"end":{"line":14,"column":50}},"9":{"start":{"line":15,"column":21},"end":{"line":15,"column":51}},"10":{"start":{"line":17,"column":8},"end":{"line":19,"column":9}},"11":{"start":{"line":18,"column":12},"end":{"line":18,"column":64}},"12":{"start":{"line":21,"column":8},"end":{"line":21,"column":31}},"13":{"start":{"line":22,"column":8},"end":{"line":22,"column":15}},"14":{"start":{"line":24,"column":8},"end":{"line":24,"column":60}},"15":{"start":{"line":28,"column":0},"end":{"line":28,"column":30}}},"fnMap":{"0":{"name":"(anonymous_0)","decl":{"start":{"line":6,"column":23},"end":{"line":6,"column":28}},"loc":{"start":{"line":6,"column":81},"end":{"line":26,"column":1}}}},"branchMap":{"0":{"loc":{"start":{"line":9,"column":4},"end":{"line":11,"column":5}},"type":"if","locations":[{"start":{"line":9,"column":4},"end":{"line":11,"column":5}}]},"1":{"loc":{"start":{"line":17,"column":8},"end":{"line":19,"column":9}},"type":"if","locations":[{"start":{"line":17,"column":8},"end":{"line":19,"column":9}}]}},"s":{"0":3,"1":3,"2":3,"3":3,"4":0,"5":0,"6":0,"7":0,"8":0,"9":0,"10":0,"11":0,"12":0,"13":0,"14":0,"15":3},"f":{"0":0},"b":{"0":[0],"1":[0]}}
,"C:\\Users\\Nacent Soul\\Desktop\\TaskMaster API\\src\\models\\task.ts": {"path":"C:\\Users\\Nacent Soul\\Desktop\\TaskMaster API\\src\\models\\task.ts","statementMap":{"0":{"start":{"line":1,"column":0},"end":{"line":1,"column":32}},"1":{"start":{"line":3,"column":19},"end":{"line":29,"column":null}},"2":{"start":{"line":32,"column":13},"end":{"line":32,"column":73}},"3":{"start":{"line":34,"column":0},"end":{"line":34,"column":20}}},"fnMap":{},"branchMap":{"0":{"loc":{"start":{"line":32,"column":13},"end":{"line":32,"column":73}},"type":"binary-expr","locations":[{"start":{"line":32,"column":13},"end":{"line":32,"column":34}},{"start":{"line":32,"column":38},"end":{"line":32,"column":73}}]}},"s":{"0":3,"1":3,"2":3,"3":3},"f":{},"b":{"0":[3,3]}}
,"C:\\Users\\Nacent Soul\\Desktop\\TaskMaster API\\src\\models\\user.ts": {"path":"C:\\Users\\Nacent Soul\\Desktop\\TaskMaster API\\src\\models\\user.ts","statementMap":{"0":{"start":{"line":1,"column":0},"end":{"line":1,"column":32}},"1":{"start":{"line":3,"column":19},"end":{"line":25,"column":null}},"2":{"start":{"line":28,"column":13},"end":{"line":28,"column":73}},"3":{"start":{"line":30,"column":0},"end":{"line":30,"column":20}}},"fnMap":{},"branchMap":{"0":{"loc":{"start":{"line":28,"column":13},"end":{"line":28,"column":73}},"type":"binary-expr","locations":[{"start":{"line":28,"column":13},"end":{"line":28,"column":34}},{"start":{"line":28,"column":38},"end":{"line":28,"column":73}}]}},"s":{"0":3,"1":3,"2":3,"3":3},"f":{},"b":{"0":[3,3]}}
,"C:\\Users\\Nacent Soul\\Desktop\\TaskMaster API\\src\\routes\\v1\\index.ts": {"path":"C:\\Users\\Nacent Soul\\Desktop\\TaskMaster API\\src\\routes\\v1\\index.ts","statementMap":{"0":{"start":{"line":1,"column":0},"end":{"line":1,"column":42}},"1":{"start":{"line":2,"column":0},"end":{"line":2,"column":38}},"2":{"start":{"line":3,"column":0},"end":{"line":3,"column":37}},"3":{"start":{"line":4,"column":0},"end":{"line":4,"column":38}},"4":{"start":{"line":6,"column":23},"end":{"line":6,"column":39}},"5":{"start":{"line":8,"column":0},"end":{"line":8,"column":28}},"6":{"start":{"line":9,"column":0},"end":{"line":9,"column":26}},"7":{"start":{"line":10,"column":0},"end":{"line":10,"column":28}},"8":{"start":{"line":12,"column":0},"end":{"line":12,"column":22}}},"fnMap":{},"branchMap":{},"s":{"0":3,"1":3,"2":3,"3":3,"4":3,"5":3,"6":3,"7":3,"8":3},"f":{},"b":{}}
,"C:\\Users\\Nacent Soul\\Desktop\\TaskMaster API\\src\\routes\\v1\\modules\\auth.ts": {"path":"C:\\Users\\Nacent Soul\\Desktop\\TaskMaster API\\src\\routes\\v1\\modules\\auth.ts","statementMap":{"0":{"start":{"line":1,"column":0},"end":{"line":1,"column":42}},"1":{"start":{"line":2,"column":0},"end":{"line":2,"column":73}},"2":{"start":{"line":4,"column":23},"end":{"line":4,"column":39}},"3":{"start":{"line":6,"column":0},"end":{"line":6,"column":38}},"4":{"start":{"line":8,"column":0},"end":{"line":8,"column":22}}},"fnMap":{},"branchMap":{},"s":{"0":3,"1":3,"2":3,"3":3,"4":3},"f":{},"b":{}}
,"C:\\Users\\Nacent Soul\\Desktop\\TaskMaster API\\src\\routes\\v1\\modules\\task.ts": {"path":"C:\\Users\\Nacent Soul\\Desktop\\TaskMaster API\\src\\routes\\v1\\modules\\task.ts","statementMap":{"0":{"start":{"line":1,"column":0},"end":{"line":1,"column":42}},"1":{"start":{"line":2,"column":0},"end":{"line":2,"column":null}},"2":{"start":{"line":9,"column":0},"end":{"line":9,"column":68}},"3":{"start":{"line":11,"column":23},"end":{"line":11,"column":39}},"4":{"start":{"line":13,"column":0},"end":{"line":13,"column":45}},"5":{"start":{"line":14,"column":0},"end":{"line":14,"column":55}},"6":{"start":{"line":15,"column":0},"end":{"line":15,"column":48}},"7":{"start":{"line":16,"column":0},"end":{"line":16,"column":54}},"8":{"start":{"line":17,"column":0},"end":{"line":17,"column":57}},"9":{"start":{"line":19,"column":0},"end":{"line":19,"column":22}}},"fnMap":{},"branchMap":{},"s":{"0":3,"1":3,"2":3,"3":3,"4":3,"5":3,"6":3,"7":3,"8":3,"9":3},"f":{},"b":{}}
,"C:\\Users\\Nacent Soul\\Desktop\\TaskMaster API\\src\\routes\\v1\\modules\\user.ts": {"path":"C:\\Users\\Nacent Soul\\Desktop\\TaskMaster API\\src\\routes\\v1\\modules\\user.ts","statementMap":{"0":{"start":{"line":1,"column":0},"end":{"line":1,"column":42}},"1":{"start":{"line":2,"column":0},"end":{"line":2,"column":76}},"2":{"start":{"line":4,"column":23},"end":{"line":4,"column":39}},"3":{"start":{"line":6,"column":0},"end":{"line":6,"column":35}},"4":{"start":{"line":7,"column":0},"end":{"line":7,"column":29}},"5":{"start":{"line":9,"column":0},"end":{"line":9,"column":22}}},"fnMap":{},"branchMap":{},"s":{"0":3,"1":3,"2":3,"3":3,"4":3,"5":3},"f":{},"b":{}}
,"C:\\Users\\Nacent Soul\\Desktop\\TaskMaster API\\src\\services\\v1\\taskService.ts": {"path":"C:\\Users\\Nacent Soul\\Desktop\\TaskMaster API\\src\\services\\v1\\taskService.ts","statementMap":{"0":{"start":{"line":2,"column":0},"end":{"line":2,"column":63}},"1":{"start":{"line":4,"column":0},"end":{"line":4,"column":55}},"2":{"start":{"line":6,"column":0},"end":{"line":6,"column":59}},"3":{"start":{"line":7,"column":0},"end":{"line":7,"column":40}},"4":{"start":{"line":10,"column":39},"end":{"line":19,"column":1}},"5":{"start":{"line":11,"column":4},"end":{"line":18,"column":5}},"6":{"start":{"line":12,"column":21},"end":{"line":14,"column":10}},"7":{"start":{"line":15,"column":8},"end":{"line":15,"column":20}},"8":{"start":{"line":17,"column":8},"end":{"line":17,"column":26}},"9":{"start":{"line":10,"column":13},"end":{"line":10,"column":39}},"10":{"start":{"line":21,"column":27},"end":{"line":28,"column":1}},"11":{"start":{"line":22,"column":4},"end":{"line":27,"column":5}},"12":{"start":{"line":23,"column":29},"end":{"line":23,"column":52}},"13":{"start":{"line":24,"column":8},"end":{"line":24,"column":57}},"14":{"start":{"line":26,"column":8},"end":{"line":26,"column":26}},"15":{"start":{"line":21,"column":13},"end":{"line":21,"column":27}},"16":{"start":{"line":30,"column":30},"end":{"line":36,"column":1}},"17":{"start":{"line":31,"column":4},"end":{"line":35,"column":5}},"18":{"start":{"line":32,"column":8},"end":{"line":32,"column":45}},"19":{"start":{"line":34,"column":8},"end":{"line":34,"column":26}},"20":{"start":{"line":30,"column":13},"end":{"line":30,"column":30}},"21":{"start":{"line":38,"column":24},"end":{"line":51,"column":1}},"22":{"start":{"line":42,"column":4},"end":{"line":50,"column":5}},"23":{"start":{"line":43,"column":24},"end":{"line":46,"column":10}},"24":{"start":{"line":47,"column":8},"end":{"line":47,"column":60}},"25":{"start":{"line":49,"column":8},"end":{"line":49,"column":26}},"26":{"start":{"line":38,"column":13},"end":{"line":38,"column":24}},"27":{"start":{"line":53,"column":26},"end":{"line":62,"column":1}},"28":{"start":{"line":54,"column":4},"end":{"line":61,"column":5}},"29":{"start":{"line":55,"column":24},"end":{"line":55,"column":38}},"30":{"start":{"line":56,"column":26},"end":{"line":56,"column":46}},"31":{"start":{"line":58,"column":8},"end":{"line":58,"column":25}},"32":{"start":{"line":60,"column":8},"end":{"line":60,"column":26}},"33":{"start":{"line":53,"column":13},"end":{"line":53,"column":26}},"34":{"start":{"line":64,"column":26},"end":{"line":78,"column":1}},"35":{"start":{"line":65,"column":4},"end":{"line":77,"column":5}},"36":{"start":{"line":66,"column":24},"end":{"line":66,"column":47}},"37":{"start":{"line":68,"column":8},"end":{"line":68,"column":35}},"38":{"start":{"line":69,"column":8},"end":{"line":69,"column":47}},"39":{"start":{"line":70,"column":8},"end":{"line":70,"column":37}},"40":{"start":{"line":71,"column":8},"end":{"line":71,"column":41}},"41":{"start":{"line":73,"column":28},"end":{"line":73,"column":48}},"42":{"start":{"line":74,"column":8},"end":{"line":74,"column":27}},"43":{"start":{"line":76,"column":8},"end":{"line":76,"column":26}},"44":{"start":{"line":64,"column":13},"end":{"line":64,"column":26}},"45":{"start":{"line":80,"column":26},"end":{"line":87,"column":1}},"46":{"start":{"line":81,"column":4},"end":{"line":86,"column":5}},"47":{"start":{"line":82,"column":29},"end":{"line":82,"column":52}},"48":{"start":{"line":83,"column":8},"end":{"line":83,"column":52}},"49":{"start":{"line":85,"column":8},"end":{"line":85,"column":26}},"50":{"start":{"line":80,"column":13},"end":{"line":80,"column":26}}},"fnMap":{"0":{"name":"(anonymous_1)","decl":{"start":{"line":10,"column":39},"end":{"line":10,"column":44}},"loc":{"start":{"line":10,"column":96},"end":{"line":19,"column":1}}},"1":{"name":"(anonymous_2)","decl":{"start":{"line":21,"column":27},"end":{"line":21,"column":32}},"loc":{"start":{"line":21,"column":48},"end":{"line":28,"column":1}}},"2":{"name":"(anonymous_3)","decl":{"start":{"line":30,"column":30},"end":{"line":30,"column":35}},"loc":{"start":{"line":30,"column":54},"end":{"line":36,"column":1}}},"3":{"name":"(anonymous_4)","decl":{"start":{"line":38,"column":24},"end":{"line":38,"column":29}},"loc":{"start":{"line":41,"column":41},"end":{"line":51,"column":1}}},"4":{"name":"(anonymous_5)","decl":{"start":{"line":53,"column":26},"end":{"line":53,"column":31}},"loc":{"start":{"line":53,"column":59},"end":{"line":62,"column":1}}},"5":{"name":"(anonymous_6)","decl":{"start":{"line":64,"column":26},"end":{"line":64,"column":31}},"loc":{"start":{"line":64,"column":71},"end":{"line":78,"column":1}}},"6":{"name":"(anonymous_7)","decl":{"start":{"line":80,"column":26},"end":{"line":80,"column":31}},"loc":{"start":{"line":80,"column":47},"end":{"line":87,"column":1}}}},"branchMap":{},"s":{"0":3,"1":3,"2":3,"3":3,"4":3,"5":0,"6":0,"7":0,"8":0,"9":3,"10":3,"11":0,"12":0,"13":0,"14":0,"15":3,"16":3,"17":0,"18":0,"19":0,"20":3,"21":3,"22":0,"23":0,"24":0,"25":0,"26":3,"27":3,"28":0,"29":0,"30":0,"31":0,"32":0,"33":3,"34":3,"35":0,"36":0,"37":0,"38":0,"39":0,"40":0,"41":0,"42":0,"43":0,"44":3,"45":3,"46":0,"47":0,"48":0,"49":0,"50":3},"f":{"0":0,"1":0,"2":0,"3":0,"4":0,"5":0,"6":0},"b":{}}
,"C:\\Users\\Nacent Soul\\Desktop\\TaskMaster API\\src\\services\\v1\\userService.ts": {"path":"C:\\Users\\Nacent Soul\\Desktop\\TaskMaster API\\src\\services\\v1\\userService.ts","statementMap":{"0":{"start":{"line":1,"column":0},"end":{"line":1,"column":40}},"1":{"start":{"line":3,"column":0},"end":{"line":3,"column":63}},"2":{"start":{"line":4,"column":0},"end":{"line":4,"column":59}},"3":{"start":{"line":6,"column":23},"end":{"line":15,"column":1}},"4":{"start":{"line":7,"column":4},"end":{"line":14,"column":5}},"5":{"start":{"line":8,"column":21},"end":{"line":10,"column":10}},"6":{"start":{"line":11,"column":8},"end":{"line":11,"column":20}},"7":{"start":{"line":13,"column":8},"end":{"line":13,"column":26}},"8":{"start":{"line":6,"column":13},"end":{"line":6,"column":23}},"9":{"start":{"line":17,"column":27},"end":{"line":24,"column":1}},"10":{"start":{"line":18,"column":4},"end":{"line":23,"column":5}},"11":{"start":{"line":19,"column":29},"end":{"line":19,"column":52}},"12":{"start":{"line":20,"column":8},"end":{"line":20,"column":57}},"13":{"start":{"line":22,"column":8},"end":{"line":22,"column":26}},"14":{"start":{"line":17,"column":13},"end":{"line":17,"column":27}},"15":{"start":{"line":26,"column":22},"end":{"line":35,"column":1}},"16":{"start":{"line":27,"column":4},"end":{"line":34,"column":5}},"17":{"start":{"line":28,"column":24},"end":{"line":28,"column":38}},"18":{"start":{"line":29,"column":26},"end":{"line":29,"column":46}},"19":{"start":{"line":31,"column":8},"end":{"line":31,"column":25}},"20":{"start":{"line":33,"column":8},"end":{"line":33,"column":26}},"21":{"start":{"line":26,"column":13},"end":{"line":26,"column":22}}},"fnMap":{"0":{"name":"(anonymous_1)","decl":{"start":{"line":6,"column":23},"end":{"line":6,"column":28}},"loc":{"start":{"line":6,"column":63},"end":{"line":15,"column":1}}},"1":{"name":"(anonymous_2)","decl":{"start":{"line":17,"column":27},"end":{"line":17,"column":32}},"loc":{"start":{"line":17,"column":48},"end":{"line":24,"column":1}}},"2":{"name":"(anonymous_3)","decl":{"start":{"line":26,"column":22},"end":{"line":26,"column":27}},"loc":{"start":{"line":26,"column":55},"end":{"line":35,"column":1}}}},"branchMap":{},"s":{"0":3,"1":3,"2":3,"3":3,"4":11,"5":11,"6":11,"7":0,"8":3,"9":3,"10":0,"11":0,"12":0,"13":0,"14":3,"15":3,"16":2,"17":2,"18":2,"19":2,"20":0,"21":3},"f":{"0":11,"1":0,"2":2},"b":{}}
,"C:\\Users\\Nacent Soul\\Desktop\\TaskMaster API\\src\\validations\\signin.ts": {"path":"C:\\Users\\Nacent Soul\\Desktop\\TaskMaster API\\src\\validations\\signin.ts","statementMap":{"0":{"start":{"line":1,"column":0},"end":{"line":1,"column":24}},"1":{"start":{"line":3,"column":13},"end":{"line":8,"column":16}}},"fnMap":{},"branchMap":{},"s":{"0":3,"1":3},"f":{},"b":{}}
,"C:\\Users\\Nacent Soul\\Desktop\\TaskMaster API\\src\\validations\\signup.ts": {"path":"C:\\Users\\Nacent Soul\\Desktop\\TaskMaster API\\src\\validations\\signup.ts","statementMap":{"0":{"start":{"line":1,"column":0},"end":{"line":1,"column":24}},"1":{"start":{"line":3,"column":13},"end":{"line":26,"column":6}},"2":{"start":{"line":20,"column":12},"end":{"line":20,"column":62}}},"fnMap":{"0":{"name":"(anonymous_0)","decl":{"start":{"line":19,"column":8},"end":{"line":19,"column":9}},"loc":{"start":{"line":19,"column":19},"end":{"line":21,"column":9}}}},"branchMap":{},"s":{"0":3,"1":3,"2":7},"f":{"0":7},"b":{}}
,"C:\\Users\\Nacent Soul\\Desktop\\TaskMaster API\\src\\validations\\task\\taskCreate.ts": {"path":"C:\\Users\\Nacent Soul\\Desktop\\TaskMaster API\\src\\validations\\task\\taskCreate.ts","statementMap":{"0":{"start":{"line":1,"column":0},"end":{"line":1,"column":24}},"1":{"start":{"line":3,"column":13},"end":{"line":18,"column":16}}},"fnMap":{},"branchMap":{},"s":{"0":3,"1":3},"f":{},"b":{}}
,"C:\\Users\\Nacent Soul\\Desktop\\TaskMaster API\\src\\validations\\task\\taskUpdate.ts": {"path":"C:\\Users\\Nacent Soul\\Desktop\\TaskMaster API\\src\\validations\\task\\taskUpdate.ts","statementMap":{"0":{"start":{"line":1,"column":0},"end":{"line":1,"column":24}},"1":{"start":{"line":3,"column":13},"end":{"line":16,"column":16}}},"fnMap":{},"branchMap":{},"s":{"0":3,"1":3},"f":{},"b":{}}
}
