{"C:\\Users\\Nacent Soul\\Desktop\\TaskMaster API\\src\\server.ts": {"path":"C:\\Users\\Nacent Soul\\Desktop\\TaskMaster API\\src\\server.ts","statementMap":{"0":{"start":{"line":1,"column":0},"end":{"line":1,"column":67}},"1":{"start":{"line":2,"column":0},"end":{"line":2,"column":28}},"2":{"start":{"line":3,"column":0},"end":{"line":3,"column":44}},"3":{"start":{"line":4,"column":0},"end":{"line":4,"column":41}},"4":{"start":{"line":7,"column":4},"end":{"line":7,"column":20}},"5":{"start":{"line":9,"column":16},"end":{"line":9,"column":25}},"6":{"start":{"line":11,"column":4},"end":{"line":11,"column":28}},"7":{"start":{"line":12,"column":4},"end":{"line":12,"column":28}},"8":{"start":{"line":14,"column":4},"end":{"line":17,"column":7}},"9":{"start":{"line":15,"column":8},"end":{"line":15,"column":33}},"10":{"start":{"line":16,"column":8},"end":{"line":16,"column":53}},"11":{"start":{"line":19,"column":4},"end":{"line":19,"column":33}},"12":{"start":{"line":21,"column":4},"end":{"line":21,"column":15}},"13":{"start":{"line":24,"column":0},"end":{"line":24,"column":28}}},"fnMap":{"0":{"name":"createServer","decl":{"start":{"line":6,"column":9},"end":{"line":6,"column":21}},"loc":{"start":{"line":6,"column":21},"end":{"line":22,"column":1}}},"1":{"name":"(anonymous_2)","decl":{"start":{"line":14,"column":12},"end":{"line":14,"column":13}},"loc":{"start":{"line":14,"column":78},"end":{"line":17,"column":5}}}},"branchMap":{},"s":{"0":3,"1":3,"2":3,"3":3,"4":3,"5":3,"6":3,"7":3,"8":3,"9":0,"10":0,"11":3,"12":3,"13":3},"f":{"0":3,"1":0},"b":{}}
,"C:\\Users\\Nacent Soul\\Desktop\\TaskMaster API\\src\\controllers\\v1\\authController.ts": {"path":"C:\\Users\\Nacent Soul\\Desktop\\TaskMaster API\\src\\controllers\\v1\\authController.ts","statementMap":{"0":{"start":{"line":2,"column":0},"end":{"line":2,"column":95}},"1":{"start":{"line":3,"column":0},"end":{"line":3,"column":63}},"2":{"start":{"line":4,"column":0},"end":{"line":4,"column":43}},"3":{"start":{"line":5,"column":0},"end":{"line":5,"column":58}},"4":{"start":{"line":6,"column":0},"end":{"line":6,"column":104}},"5":{"start":{"line":8,"column":28},"end":{"line":50,"column":1}},"6":{"start":{"line":9,"column":4},"end":{"line":49,"column":5}},"7":{"start":{"line":10,"column":55},"end":{"line":10,"column":66}},"8":{"start":{"line":12,"column":8},"end":{"line":14,"column":9}},"9":{"start":{"line":13,"column":12},"end":{"line":13,"column":75}},"10":{"start":{"line":17,"column":24},"end":{"line":17,"column":64}},"11":{"start":{"line":18,"column":21},"end":{"line":18,"column":43}},"12":{"start":{"line":19,"column":8},"end":{"line":21,"column":9}},"13":{"start":{"line":20,"column":12},"end":{"line":20,"column":71}},"14":{"start":{"line":24,"column":29},"end":{"line":24,"column":109}},"15":{"start":{"line":25,"column":32},"end":{"line":25,"column":71}},"16":{"start":{"line":26,"column":8},"end":{"line":26,"column":44}},"17":{"start":{"line":27,"column":8},"end":{"line":27,"column":26}},"18":{"start":{"line":30,"column":8},"end":{"line":34,"column":11}},"19":{"start":{"line":36,"column":8},"end":{"line":40,"column":11}},"20":{"start":{"line":42,"column":8},"end":{"line":45,"column":11}},"21":{"start":{"line":47,"column":8},"end":{"line":47,"column":28}},"22":{"start":{"line":48,"column":8},"end":{"line":48,"column":32}},"23":{"start":{"line":8,"column":13},"end":{"line":8,"column":28}}},"fnMap":{"0":{"name":"(anonymous_1)","decl":{"start":{"line":8,"column":28},"end":{"line":8,"column":33}},"loc":{"start":{"line":8,"column":66},"end":{"line":50,"column":1}}}},"branchMap":{"0":{"loc":{"start":{"line":12,"column":8},"end":{"line":14,"column":9}},"type":"if","locations":[{"start":{"line":12,"column":8},"end":{"line":14,"column":9}}]},"1":{"loc":{"start":{"line":19,"column":8},"end":{"line":21,"column":9}},"type":"if","locations":[{"start":{"line":19,"column":8},"end":{"line":21,"column":9}}]},"2":{"loc":{"start":{"line":19,"column":12},"end":{"line":19,"column":63}},"type":"binary-expr","locations":[{"start":{"line":19,"column":12},"end":{"line":19,"column":17}},{"start":{"line":19,"column":21},"end":{"line":19,"column":63}}]}},"s":{"0":3,"1":3,"2":3,"3":3,"4":3,"5":3,"6":4,"7":4,"8":4,"9":1,"10":3,"11":3,"12":3,"13":0,"14":3,"15":2,"16":2,"17":2,"18":0,"19":0,"20":0,"21":3,"22":3,"23":3},"f":{"0":4},"b":{"0":[1],"1":[0],"2":[3,3]}}
,"C:\\Users\\Nacent Soul\\Desktop\\TaskMaster API\\src\\controllers\\v1\\userController.ts": {"path":"C:\\Users\\Nacent Soul\\Desktop\\TaskMaster API\\src\\controllers\\v1\\userController.ts","statementMap":{"0":{"start":{"line":2,"column":0},"end":{"line":2,"column":63}},"1":{"start":{"line":3,"column":0},"end":{"line":3,"column":63}},"2":{"start":{"line":4,"column":0},"end":{"line":4,"column":56}},"3":{"start":{"line":5,"column":0},"end":{"line":5,"column":95}},"4":{"start":{"line":6,"column":0},"end":{"line":6,"column":67}},"5":{"start":{"line":7,"column":0},"end":{"line":7,"column":79}},"6":{"start":{"line":8,"column":0},"end":{"line":8,"column":43}},"7":{"start":{"line":9,"column":0},"end":{"line":9,"column":58}},"8":{"start":{"line":10,"column":0},"end":{"line":10,"column":84}},"9":{"start":{"line":13,"column":24},"end":{"line":45,"column":1}},"10":{"start":{"line":14,"column":4},"end":{"line":44,"column":5}},"11":{"start":{"line":15,"column":21},"end":{"line":15,"column":29}},"12":{"start":{"line":18,"column":33},"end":{"line":18,"column":65}},"13":{"start":{"line":19,"column":8},"end":{"line":21,"column":9}},"14":{"start":{"line":20,"column":12},"end":{"line":20,"column":64}},"15":{"start":{"line":24,"column":46},"end":{"line":24,"column":50}},"16":{"start":{"line":25,"column":29},"end":{"line":25,"column":63}},"17":{"start":{"line":27,"column":8},"end":{"line":30,"column":9}},"18":{"start":{"line":28,"column":35},"end":{"line":28,"column":86}},"19":{"start":{"line":29,"column":12},"end":{"line":29,"column":97}},"20":{"start":{"line":33,"column":31},"end":{"line":33,"column":59}},"21":{"start":{"line":35,"column":8},"end":{"line":35,"column":68}},"22":{"start":{"line":37,"column":8},"end":{"line":40,"column":11}},"23":{"start":{"line":42,"column":8},"end":{"line":42,"column":28}},"24":{"start":{"line":43,"column":8},"end":{"line":43,"column":32}},"25":{"start":{"line":13,"column":13},"end":{"line":13,"column":24}},"26":{"start":{"line":47,"column":21},"end":{"line":101,"column":1}},"27":{"start":{"line":48,"column":4},"end":{"line":100,"column":5}},"28":{"start":{"line":49,"column":21},"end":{"line":49,"column":29}},"29":{"start":{"line":52,"column":32},"end":{"line":52,"column":64}},"30":{"start":{"line":53,"column":8},"end":{"line":55,"column":9}},"31":{"start":{"line":54,"column":12},"end":{"line":54,"column":63}},"32":{"start":{"line":57,"column":36},"end":{"line":57,"column":40}},"33":{"start":{"line":58,"column":21},"end":{"line":58,"column":45}},"34":{"start":{"line":59,"column":8},"end":{"line":61,"column":9}},"35":{"start":{"line":60,"column":12},"end":{"line":60,"column":64}},"36":{"start":{"line":64,"column":32},"end":{"line":64,"column":78}},"37":{"start":{"line":65,"column":8},"end":{"line":67,"column":9}},"38":{"start":{"line":66,"column":12},"end":{"line":66,"column":76}},"39":{"start":{"line":70,"column":45},"end":{"line":74,"column":10}},"40":{"start":{"line":75,"column":26},"end":{"line":75,"column":58}},"41":{"start":{"line":76,"column":29},"end":{"line":76,"column":68}},"42":{"start":{"line":77,"column":8},"end":{"line":77,"column":41}},"43":{"start":{"line":78,"column":8},"end":{"line":78,"column":26}},"44":{"start":{"line":81,"column":8},"end":{"line":85,"column":11}},"45":{"start":{"line":87,"column":8},"end":{"line":91,"column":11}},"46":{"start":{"line":93,"column":8},"end":{"line":96,"column":11}},"47":{"start":{"line":98,"column":8},"end":{"line":98,"column":28}},"48":{"start":{"line":99,"column":8},"end":{"line":99,"column":32}},"49":{"start":{"line":47,"column":13},"end":{"line":47,"column":21}}},"fnMap":{"0":{"name":"(anonymous_1)","decl":{"start":{"line":13,"column":24},"end":{"line":13,"column":29}},"loc":{"start":{"line":13,"column":62},"end":{"line":45,"column":1}}},"1":{"name":"(anonymous_2)","decl":{"start":{"line":47,"column":21},"end":{"line":47,"column":26}},"loc":{"start":{"line":47,"column":59},"end":{"line":101,"column":1}}}},"branchMap":{"0":{"loc":{"start":{"line":19,"column":8},"end":{"line":21,"column":9}},"type":"if","locations":[{"start":{"line":19,"column":8},"end":{"line":21,"column":9}}]},"1":{"loc":{"start":{"line":27,"column":8},"end":{"line":30,"column":9}},"type":"if","locations":[{"start":{"line":27,"column":8},"end":{"line":30,"column":9}}]},"2":{"loc":{"start":{"line":28,"column":35},"end":{"line":28,"column":86}},"type":"cond-expr","locations":[{"start":{"line":28,"column":66},"end":{"line":28,"column":73}},{"start":{"line":28,"column":76},"end":{"line":28,"column":86}}]},"3":{"loc":{"start":{"line":53,"column":8},"end":{"line":55,"column":9}},"type":"if","locations":[{"start":{"line":53,"column":8},"end":{"line":55,"column":9}}]},"4":{"loc":{"start":{"line":59,"column":8},"end":{"line":61,"column":9}},"type":"if","locations":[{"start":{"line":59,"column":8},"end":{"line":61,"column":9}}]},"5":{"loc":{"start":{"line":65,"column":8},"end":{"line":67,"column":9}},"type":"if","locations":[{"start":{"line":65,"column":8},"end":{"line":67,"column":9}}]}},"s":{"0":3,"1":3,"2":3,"3":3,"4":3,"5":3,"6":3,"7":3,"8":3,"9":3,"10":8,"11":8,"12":8,"13":8,"14":1,"15":7,"16":7,"17":7,"18":3,"19":3,"20":4,"21":3,"22":2,"23":2,"24":2,"25":3,"26":3,"27":6,"28":6,"29":6,"30":6,"31":1,"32":5,"33":5,"34":5,"35":1,"36":4,"37":3,"38":1,"39":2,"40":2,"41":1,"42":1,"43":1,"44":1,"45":1,"46":1,"47":2,"48":2,"49":3},"f":{"0":8,"1":6},"b":{"0":[1],"1":[3],"2":[1,2],"3":[1],"4":[1],"5":[1]}}
,"C:\\Users\\Nacent Soul\\Desktop\\TaskMaster API\\src\\enums\\httpStatus.ts": {"path":"C:\\Users\\Nacent Soul\\Desktop\\TaskMaster API\\src\\enums\\httpStatus.ts","statementMap":{"0":{"start":{"line":1,"column":0},"end":{"line":1,"column":null}},"1":{"start":{"line":2,"column":4},"end":{"line":2,"column":null}},"2":{"start":{"line":3,"column":4},"end":{"line":3,"column":null}},"3":{"start":{"line":4,"column":4},"end":{"line":4,"column":null}},"4":{"start":{"line":5,"column":4},"end":{"line":5,"column":null}},"5":{"start":{"line":6,"column":4},"end":{"line":6,"column":null}},"6":{"start":{"line":7,"column":4},"end":{"line":7,"column":null}},"7":{"start":{"line":8,"column":4},"end":{"line":8,"column":null}},"8":{"start":{"line":9,"column":4},"end":{"line":9,"column":null}},"9":{"start":{"line":10,"column":4},"end":{"line":10,"column":null}},"10":{"start":{"line":11,"column":4},"end":{"line":11,"column":null}},"11":{"start":{"line":12,"column":4},"end":{"line":12,"column":null}}},"fnMap":{"0":{"name":"(anonymous_0)","decl":{"start":{"line":1,"column":0},"end":{"line":1,"column":12}},"loc":{"start":{"line":1,"column":22},"end":{"line":13,"column":1}}}},"branchMap":{"0":{"loc":{"start":{"line":1,"column":12},"end":{"line":1,"column":null}},"type":"binary-expr","locations":[{"start":{"line":1,"column":12},"end":{"line":1,"column":22}},{"start":{"line":1,"column":22},"end":{"line":1,"column":null}}]}},"s":{"0":3,"1":3,"2":3,"3":3,"4":3,"5":3,"6":3,"7":3,"8":3,"9":3,"10":3,"11":3},"f":{"0":3},"b":{"0":[3,3]}}
,"C:\\Users\\Nacent Soul\\Desktop\\TaskMaster API\\src\\helpers\\helper.ts": {"path":"C:\\Users\\Nacent Soul\\Desktop\\TaskMaster API\\src\\helpers\\helper.ts","statementMap":{"0":{"start":{"line":1,"column":0},"end":{"line":1,"column":32}},"1":{"start":{"line":3,"column":35},"end":{"line":9,"column":1}},"2":{"start":{"line":4,"column":4},"end":{"line":8,"column":5}},"3":{"start":{"line":5,"column":8},"end":{"line":5,"column":47}},"4":{"start":{"line":7,"column":8},"end":{"line":7,"column":31}},"5":{"start":{"line":3,"column":13},"end":{"line":3,"column":35}}},"fnMap":{"0":{"name":"(anonymous_1)","decl":{"start":{"line":3,"column":35},"end":{"line":3,"column":36}},"loc":{"start":{"line":3,"column":50},"end":{"line":9,"column":1}}}},"branchMap":{},"s":{"0":3,"1":3,"2":0,"3":0,"4":0,"5":3},"f":{"0":0},"b":{}}
,"C:\\Users\\Nacent Soul\\Desktop\\TaskMaster API\\src\\models\\user.ts": {"path":"C:\\Users\\Nacent Soul\\Desktop\\TaskMaster API\\src\\models\\user.ts","statementMap":{"0":{"start":{"line":1,"column":0},"end":{"line":1,"column":32}},"1":{"start":{"line":3,"column":19},"end":{"line":32,"column":2}},"2":{"start":{"line":34,"column":13},"end":{"line":34,"column":73}},"3":{"start":{"line":36,"column":0},"end":{"line":36,"column":20}}},"fnMap":{},"branchMap":{"0":{"loc":{"start":{"line":34,"column":13},"end":{"line":34,"column":73}},"type":"binary-expr","locations":[{"start":{"line":34,"column":13},"end":{"line":34,"column":34}},{"start":{"line":34,"column":38},"end":{"line":34,"column":73}}]}},"s":{"0":3,"1":3,"2":3,"3":3},"f":{},"b":{"0":[3,3]}}
,"C:\\Users\\Nacent Soul\\Desktop\\TaskMaster API\\src\\routes\\v1\\index.ts": {"path":"C:\\Users\\Nacent Soul\\Desktop\\TaskMaster API\\src\\routes\\v1\\index.ts","statementMap":{"0":{"start":{"line":1,"column":0},"end":{"line":1,"column":42}},"1":{"start":{"line":2,"column":0},"end":{"line":2,"column":38}},"2":{"start":{"line":3,"column":0},"end":{"line":3,"column":37}},"3":{"start":{"line":5,"column":23},"end":{"line":5,"column":39}},"4":{"start":{"line":7,"column":0},"end":{"line":7,"column":28}},"5":{"start":{"line":8,"column":0},"end":{"line":8,"column":26}},"6":{"start":{"line":10,"column":0},"end":{"line":10,"column":22}}},"fnMap":{},"branchMap":{},"s":{"0":3,"1":3,"2":3,"3":3,"4":3,"5":3,"6":3},"f":{},"b":{}}
,"C:\\Users\\Nacent Soul\\Desktop\\TaskMaster API\\src\\routes\\v1\\modules\\auth.ts": {"path":"C:\\Users\\Nacent Soul\\Desktop\\TaskMaster API\\src\\routes\\v1\\modules\\auth.ts","statementMap":{"0":{"start":{"line":1,"column":0},"end":{"line":1,"column":42}},"1":{"start":{"line":2,"column":0},"end":{"line":2,"column":73}},"2":{"start":{"line":4,"column":23},"end":{"line":4,"column":39}},"3":{"start":{"line":6,"column":0},"end":{"line":6,"column":38}},"4":{"start":{"line":8,"column":0},"end":{"line":8,"column":22}}},"fnMap":{},"branchMap":{},"s":{"0":3,"1":3,"2":3,"3":3,"4":3},"f":{},"b":{}}
,"C:\\Users\\Nacent Soul\\Desktop\\TaskMaster API\\src\\routes\\v1\\modules\\user.ts": {"path":"C:\\Users\\Nacent Soul\\Desktop\\TaskMaster API\\src\\routes\\v1\\modules\\user.ts","statementMap":{"0":{"start":{"line":1,"column":0},"end":{"line":1,"column":42}},"1":{"start":{"line":2,"column":0},"end":{"line":2,"column":76}},"2":{"start":{"line":4,"column":23},"end":{"line":4,"column":39}},"3":{"start":{"line":6,"column":0},"end":{"line":6,"column":35}},"4":{"start":{"line":7,"column":0},"end":{"line":7,"column":29}},"5":{"start":{"line":9,"column":0},"end":{"line":9,"column":22}}},"fnMap":{},"branchMap":{},"s":{"0":3,"1":3,"2":3,"3":3,"4":3,"5":3},"f":{},"b":{}}
,"C:\\Users\\Nacent Soul\\Desktop\\TaskMaster API\\src\\services\\v1\\userService.ts": {"path":"C:\\Users\\Nacent Soul\\Desktop\\TaskMaster API\\src\\services\\v1\\userService.ts","statementMap":{"0":{"start":{"line":1,"column":0},"end":{"line":1,"column":40}},"1":{"start":{"line":3,"column":0},"end":{"line":3,"column":62}},"2":{"start":{"line":5,"column":23},"end":{"line":14,"column":1}},"3":{"start":{"line":6,"column":4},"end":{"line":13,"column":5}},"4":{"start":{"line":7,"column":21},"end":{"line":9,"column":10}},"5":{"start":{"line":10,"column":8},"end":{"line":10,"column":20}},"6":{"start":{"line":12,"column":8},"end":{"line":12,"column":31}},"7":{"start":{"line":5,"column":13},"end":{"line":5,"column":23}},"8":{"start":{"line":16,"column":27},"end":{"line":23,"column":1}},"9":{"start":{"line":17,"column":4},"end":{"line":22,"column":5}},"10":{"start":{"line":18,"column":29},"end":{"line":18,"column":52}},"11":{"start":{"line":19,"column":8},"end":{"line":19,"column":57}},"12":{"start":{"line":21,"column":8},"end":{"line":21,"column":31}},"13":{"start":{"line":16,"column":13},"end":{"line":16,"column":27}},"14":{"start":{"line":25,"column":22},"end":{"line":34,"column":1}},"15":{"start":{"line":26,"column":4},"end":{"line":33,"column":5}},"16":{"start":{"line":27,"column":24},"end":{"line":27,"column":38}},"17":{"start":{"line":28,"column":26},"end":{"line":28,"column":46}},"18":{"start":{"line":30,"column":8},"end":{"line":30,"column":25}},"19":{"start":{"line":32,"column":8},"end":{"line":32,"column":31}},"20":{"start":{"line":25,"column":13},"end":{"line":25,"column":22}}},"fnMap":{"0":{"name":"(anonymous_1)","decl":{"start":{"line":5,"column":23},"end":{"line":5,"column":28}},"loc":{"start":{"line":5,"column":63},"end":{"line":14,"column":1}}},"1":{"name":"(anonymous_2)","decl":{"start":{"line":16,"column":27},"end":{"line":16,"column":32}},"loc":{"start":{"line":16,"column":48},"end":{"line":23,"column":1}}},"2":{"name":"(anonymous_3)","decl":{"start":{"line":25,"column":22},"end":{"line":25,"column":27}},"loc":{"start":{"line":25,"column":55},"end":{"line":34,"column":1}}}},"branchMap":{},"s":{"0":3,"1":3,"2":3,"3":11,"4":11,"5":11,"6":0,"7":3,"8":3,"9":0,"10":0,"11":0,"12":0,"13":3,"14":3,"15":2,"16":2,"17":2,"18":2,"19":0,"20":3},"f":{"0":11,"1":0,"2":2},"b":{}}
,"C:\\Users\\Nacent Soul\\Desktop\\TaskMaster API\\src\\utils\\errorHandler.ts": {"path":"C:\\Users\\Nacent Soul\\Desktop\\TaskMaster API\\src\\utils\\errorHandler.ts","statementMap":{"0":{"start":{"line":4,"column":0},"end":{"line":4,"column":16}},"1":{"start":{"line":2,"column":0},"end":{"line":2,"column":71}},"2":{"start":{"line":5,"column":4},"end":{"line":9,"column":5}},"3":{"start":{"line":6,"column":8},"end":{"line":6,"column":70}},"4":{"start":{"line":8,"column":8},"end":{"line":8,"column":81}}},"fnMap":{"0":{"name":"handleError","decl":{"start":{"line":4,"column":16},"end":{"line":4,"column":27}},"loc":{"start":{"line":4,"column":57},"end":{"line":10,"column":1}}}},"branchMap":{"0":{"loc":{"start":{"line":5,"column":4},"end":{"line":9,"column":5}},"type":"if","locations":[{"start":{"line":5,"column":4},"end":{"line":9,"column":5}},{"start":{"line":7,"column":11},"end":{"line":9,"column":5}}]}},"s":{"0":3,"1":3,"2":7,"3":7,"4":0},"f":{"0":7},"b":{"0":[7,0]}}
,"C:\\Users\\Nacent Soul\\Desktop\\TaskMaster API\\src\\utils\\httpResponseHandler.ts": {"path":"C:\\Users\\Nacent Soul\\Desktop\\TaskMaster API\\src\\utils\\httpResponseHandler.ts","statementMap":{"0":{"start":{"line":11,"column":0},"end":{"line":11,"column":16}},"1":{"start":{"line":17,"column":0},"end":{"line":17,"column":16}},"2":{"start":{"line":24,"column":0},"end":{"line":24,"column":16}},"3":{"start":{"line":31,"column":0},"end":{"line":31,"column":16}},"4":{"start":{"line":38,"column":0},"end":{"line":38,"column":16}},"5":{"start":{"line":45,"column":0},"end":{"line":45,"column":16}},"6":{"start":{"line":52,"column":0},"end":{"line":52,"column":16}},"7":{"start":{"line":59,"column":0},"end":{"line":59,"column":16}},"8":{"start":{"line":66,"column":0},"end":{"line":66,"column":16}},"9":{"start":{"line":76,"column":0},"end":{"line":76,"column":16}},"10":{"start":{"line":2,"column":0},"end":{"line":2,"column":49}},"11":{"start":{"line":5,"column":4},"end":{"line":7,"column":5}},"12":{"start":{"line":6,"column":8},"end":{"line":6,"column":27}},"13":{"start":{"line":8,"column":4},"end":{"line":8,"column":19}},"14":{"start":{"line":12,"column":4},"end":{"line":14,"column":7}},"15":{"start":{"line":18,"column":4},"end":{"line":21,"column":7}},"16":{"start":{"line":25,"column":4},"end":{"line":28,"column":7}},"17":{"start":{"line":32,"column":4},"end":{"line":35,"column":7}},"18":{"start":{"line":39,"column":4},"end":{"line":42,"column":7}},"19":{"start":{"line":46,"column":4},"end":{"line":49,"column":7}},"20":{"start":{"line":53,"column":4},"end":{"line":56,"column":7}},"21":{"start":{"line":60,"column":4},"end":{"line":63,"column":7}},"22":{"start":{"line":70,"column":4},"end":{"line":73,"column":7}},"23":{"start":{"line":77,"column":4},"end":{"line":80,"column":7}}},"fnMap":{"0":{"name":"transformMessage","decl":{"start":{"line":4,"column":9},"end":{"line":4,"column":25}},"loc":{"start":{"line":4,"column":50},"end":{"line":9,"column":1}}},"1":{"name":"httpExceptionHandler","decl":{"start":{"line":11,"column":16},"end":{"line":11,"column":36}},"loc":{"start":{"line":11,"column":101},"end":{"line":15,"column":1}}},"2":{"name":"HttpNotFoundHandler","decl":{"start":{"line":17,"column":16},"end":{"line":17,"column":35}},"loc":{"start":{"line":17,"column":89},"end":{"line":22,"column":1}}},"3":{"name":"HttpFetchedHandler","decl":{"start":{"line":24,"column":16},"end":{"line":24,"column":34}},"loc":{"start":{"line":24,"column":81},"end":{"line":29,"column":1}}},"4":{"name":"HttpCreatedHandler","decl":{"start":{"line":31,"column":16},"end":{"line":31,"column":34}},"loc":{"start":{"line":31,"column":86},"end":{"line":36,"column":1}}},"5":{"name":"HttpBadRequestHandler","decl":{"start":{"line":38,"column":16},"end":{"line":38,"column":37}},"loc":{"start":{"line":38,"column":93},"end":{"line":43,"column":1}}},"6":{"name":"HttpUnauthorizedHandler","decl":{"start":{"line":45,"column":16},"end":{"line":45,"column":39}},"loc":{"start":{"line":45,"column":96},"end":{"line":50,"column":1}}},"7":{"name":"HttpForbiddenHandler","decl":{"start":{"line":52,"column":16},"end":{"line":52,"column":36}},"loc":{"start":{"line":52,"column":90},"end":{"line":57,"column":1}}},"8":{"name":"HttpMethodNotAllowedHandler","decl":{"start":{"line":59,"column":16},"end":{"line":59,"column":43}},"loc":{"start":{"line":59,"column":106},"end":{"line":64,"column":1}}},"9":{"name":"HttpInternalServerErrorHandler","decl":{"start":{"line":66,"column":16},"end":{"line":66,"column":46}},"loc":{"start":{"line":68,"column":54},"end":{"line":74,"column":1}}},"10":{"name":"HttpServiceUnavailableHandler","decl":{"start":{"line":76,"column":16},"end":{"line":76,"column":45}},"loc":{"start":{"line":76,"column":109},"end":{"line":81,"column":1}}}},"branchMap":{"0":{"loc":{"start":{"line":5,"column":4},"end":{"line":7,"column":5}},"type":"if","locations":[{"start":{"line":5,"column":4},"end":{"line":7,"column":5}}]},"1":{"loc":{"start":{"line":17,"column":51},"end":{"line":17,"column":89}},"type":"default-arg","locations":[{"start":{"line":17,"column":78},"end":{"line":17,"column":89}}]},"2":{"loc":{"start":{"line":24,"column":50},"end":{"line":24,"column":81}},"type":"default-arg","locations":[{"start":{"line":24,"column":77},"end":{"line":24,"column":81}}]},"3":{"loc":{"start":{"line":31,"column":50},"end":{"line":31,"column":86}},"type":"default-arg","locations":[{"start":{"line":31,"column":77},"end":{"line":31,"column":86}}]},"4":{"loc":{"start":{"line":38,"column":53},"end":{"line":38,"column":93}},"type":"default-arg","locations":[{"start":{"line":38,"column":80},"end":{"line":38,"column":93}}]},"5":{"loc":{"start":{"line":45,"column":55},"end":{"line":45,"column":96}},"type":"default-arg","locations":[{"start":{"line":45,"column":82},"end":{"line":45,"column":96}}]},"6":{"loc":{"start":{"line":52,"column":52},"end":{"line":52,"column":90}},"type":"default-arg","locations":[{"start":{"line":52,"column":79},"end":{"line":52,"column":90}}]},"7":{"loc":{"start":{"line":59,"column":59},"end":{"line":59,"column":106}},"type":"default-arg","locations":[{"start":{"line":59,"column":86},"end":{"line":59,"column":106}}]},"8":{"loc":{"start":{"line":68,"column":4},"end":{"line":68,"column":54}},"type":"default-arg","locations":[{"start":{"line":68,"column":31},"end":{"line":68,"column":54}}]},"9":{"loc":{"start":{"line":76,"column":61},"end":{"line":76,"column":109}},"type":"default-arg","locations":[{"start":{"line":76,"column":88},"end":{"line":76,"column":109}}]}},"s":{"0":3,"1":3,"2":3,"3":3,"4":3,"5":3,"6":3,"7":3,"8":3,"9":3,"10":3,"11":18,"12":6,"13":12,"14":0,"15":0,"16":0,"17":3,"18":8,"19":0,"20":0,"21":0,"22":7,"23":0},"f":{"0":18,"1":0,"2":0,"3":0,"4":3,"5":8,"6":0,"7":0,"8":0,"9":7,"10":0},"b":{"0":[6],"1":[0],"2":[0],"3":[0],"4":[0],"5":[0],"6":[0],"7":[0],"8":[0],"9":[0]}}
,"C:\\Users\\Nacent Soul\\Desktop\\TaskMaster API\\src\\utils\\jwtManager.ts": {"path":"C:\\Users\\Nacent Soul\\Desktop\\TaskMaster API\\src\\utils\\jwtManager.ts","statementMap":{"0":{"start":{"line":1,"column":0},"end":{"line":1,"column":40}},"1":{"start":{"line":4,"column":33},"end":{"line":9,"column":1}},"2":{"start":{"line":5,"column":4},"end":{"line":8,"column":7}},"3":{"start":{"line":4,"column":13},"end":{"line":4,"column":33}},"4":{"start":{"line":11,"column":36},"end":{"line":13,"column":1}},"5":{"start":{"line":12,"column":4},"end":{"line":12,"column":75}},"6":{"start":{"line":11,"column":13},"end":{"line":11,"column":36}},"7":{"start":{"line":15,"column":31},"end":{"line":21,"column":1}},"8":{"start":{"line":16,"column":4},"end":{"line":20,"column":5}},"9":{"start":{"line":17,"column":8},"end":{"line":17,"column":87}},"10":{"start":{"line":19,"column":8},"end":{"line":19,"column":40}},"11":{"start":{"line":15,"column":13},"end":{"line":15,"column":31}},"12":{"start":{"line":23,"column":34},"end":{"line":29,"column":1}},"13":{"start":{"line":24,"column":4},"end":{"line":28,"column":5}},"14":{"start":{"line":25,"column":8},"end":{"line":25,"column":104}},"15":{"start":{"line":27,"column":8},"end":{"line":27,"column":49}},"16":{"start":{"line":23,"column":13},"end":{"line":23,"column":34}}},"fnMap":{"0":{"name":"(anonymous_1)","decl":{"start":{"line":4,"column":33},"end":{"line":4,"column":34}},"loc":{"start":{"line":4,"column":98},"end":{"line":9,"column":1}}},"1":{"name":"(anonymous_2)","decl":{"start":{"line":11,"column":36},"end":{"line":11,"column":37}},"loc":{"start":{"line":11,"column":104},"end":{"line":13,"column":1}}},"2":{"name":"(anonymous_3)","decl":{"start":{"line":15,"column":31},"end":{"line":15,"column":32}},"loc":{"start":{"line":15,"column":52},"end":{"line":21,"column":1}}},"3":{"name":"(anonymous_4)","decl":{"start":{"line":23,"column":34},"end":{"line":23,"column":35}},"loc":{"start":{"line":23,"column":77},"end":{"line":29,"column":1}}}},"branchMap":{"0":{"loc":{"start":{"line":7,"column":12},"end":{"line":7,"column":30}},"type":"binary-expr","locations":[{"start":{"line":7,"column":12},"end":{"line":7,"column":19}},{"start":{"line":7,"column":23},"end":{"line":7,"column":30}}]}},"s":{"0":3,"1":3,"2":1,"3":3,"4":3,"5":1,"6":3,"7":3,"8":0,"9":0,"10":0,"11":3,"12":3,"13":0,"14":0,"15":0,"16":3},"f":{"0":1,"1":1,"2":0,"3":0},"b":{"0":[1,0]}}
,"C:\\Users\\Nacent Soul\\Desktop\\TaskMaster API\\src\\utils\\logger.ts": {"path":"C:\\Users\\Nacent Soul\\Desktop\\TaskMaster API\\src\\utils\\logger.ts","statementMap":{"0":{"start":{"line":1,"column":0},"end":{"line":1,"column":26}},"1":{"start":{"line":2,"column":0},"end":{"line":2,"column":26}},"2":{"start":{"line":4,"column":12},"end":{"line":9,"column":2}},"3":{"start":{"line":8,"column":21},"end":{"line":8,"column":52}},"4":{"start":{"line":11,"column":0},"end":{"line":11,"column":19}}},"fnMap":{"0":{"name":"(anonymous_1)","decl":{"start":{"line":8,"column":15},"end":{"line":8,"column":18}},"loc":{"start":{"line":8,"column":21},"end":{"line":8,"column":52}}}},"branchMap":{},"s":{"0":3,"1":3,"2":3,"3":10,"4":3},"f":{"0":10},"b":{}}
,"C:\\Users\\Nacent Soul\\Desktop\\TaskMaster API\\src\\utils\\passwordManager.ts": {"path":"C:\\Users\\Nacent Soul\\Desktop\\TaskMaster API\\src\\utils\\passwordManager.ts","statementMap":{"0":{"start":{"line":1,"column":0},"end":{"line":1,"column":32}},"1":{"start":{"line":3,"column":28},"end":{"line":11,"column":1}},"2":{"start":{"line":4,"column":4},"end":{"line":10,"column":5}},"3":{"start":{"line":5,"column":21},"end":{"line":5,"column":47}},"4":{"start":{"line":6,"column":31},"end":{"line":6,"column":66}},"5":{"start":{"line":7,"column":8},"end":{"line":7,"column":30}},"6":{"start":{"line":9,"column":8},"end":{"line":9,"column":31}},"7":{"start":{"line":3,"column":13},"end":{"line":3,"column":28}},"8":{"start":{"line":13,"column":31},"end":{"line":15,"column":1}},"9":{"start":{"line":14,"column":4},"end":{"line":14,"column":60}},"10":{"start":{"line":13,"column":13},"end":{"line":13,"column":31}}},"fnMap":{"0":{"name":"(anonymous_1)","decl":{"start":{"line":3,"column":28},"end":{"line":3,"column":33}},"loc":{"start":{"line":3,"column":55},"end":{"line":11,"column":1}}},"1":{"name":"(anonymous_2)","decl":{"start":{"line":13,"column":31},"end":{"line":13,"column":36}},"loc":{"start":{"line":13,"column":82},"end":{"line":15,"column":1}}}},"branchMap":{},"s":{"0":3,"1":3,"2":5,"3":5,"4":5,"5":5,"6":0,"7":3,"8":3,"9":2,"10":3},"f":{"0":5,"1":2},"b":{}}
,"C:\\Users\\Nacent Soul\\Desktop\\TaskMaster API\\src\\utils\\zodValidation.ts": {"path":"C:\\Users\\Nacent Soul\\Desktop\\TaskMaster API\\src\\utils\\zodValidation.ts","statementMap":{"0":{"start":{"line":3,"column":30},"end":{"line":13,"column":1}},"1":{"start":{"line":4,"column":23},"end":{"line":4,"column":28}},"2":{"start":{"line":5,"column":45},"end":{"line":5,"column":47}},"3":{"start":{"line":7,"column":4},"end":{"line":10,"column":7}},"4":{"start":{"line":8,"column":34},"end":{"line":8,"column":39}},"5":{"start":{"line":9,"column":8},"end":{"line":9,"column":43}},"6":{"start":{"line":12,"column":4},"end":{"line":12,"column":31}},"7":{"start":{"line":3,"column":13},"end":{"line":3,"column":30}},"8":{"start":{"line":15,"column":24},"end":{"line":23,"column":1}},"9":{"start":{"line":16,"column":18},"end":{"line":16,"column":43}},"10":{"start":{"line":18,"column":4},"end":{"line":20,"column":5}},"11":{"start":{"line":19,"column":8},"end":{"line":19,"column":43}},"12":{"start":{"line":22,"column":4},"end":{"line":22,"column":17}},"13":{"start":{"line":15,"column":13},"end":{"line":15,"column":24}}},"fnMap":{"0":{"name":"(anonymous_0)","decl":{"start":{"line":3,"column":30},"end":{"line":3,"column":31}},"loc":{"start":{"line":3,"column":50},"end":{"line":13,"column":1}}},"1":{"name":"(anonymous_1)","decl":{"start":{"line":7,"column":19},"end":{"line":7,"column":20}},"loc":{"start":{"line":7,"column":39},"end":{"line":10,"column":5}}},"2":{"name":"(anonymous_2)","decl":{"start":{"line":15,"column":24},"end":{"line":15,"column":25}},"loc":{"start":{"line":15,"column":113},"end":{"line":23,"column":1}}}},"branchMap":{"0":{"loc":{"start":{"line":18,"column":4},"end":{"line":20,"column":5}},"type":"if","locations":[{"start":{"line":18,"column":4},"end":{"line":20,"column":5}}]}},"s":{"0":3,"1":2,"2":2,"3":2,"4":7,"5":7,"6":2,"7":3,"8":3,"9":14,"10":14,"11":2,"12":12,"13":3},"f":{"0":2,"1":7,"2":14},"b":{"0":[2]}}
,"C:\\Users\\Nacent Soul\\Desktop\\TaskMaster API\\src\\validations\\signin.ts": {"path":"C:\\Users\\Nacent Soul\\Desktop\\TaskMaster API\\src\\validations\\signin.ts","statementMap":{"0":{"start":{"line":1,"column":0},"end":{"line":1,"column":24}},"1":{"start":{"line":3,"column":13},"end":{"line":8,"column":16}}},"fnMap":{},"branchMap":{},"s":{"0":3,"1":3},"f":{},"b":{}}
,"C:\\Users\\Nacent Soul\\Desktop\\TaskMaster API\\src\\validations\\signup.ts": {"path":"C:\\Users\\Nacent Soul\\Desktop\\TaskMaster API\\src\\validations\\signup.ts","statementMap":{"0":{"start":{"line":1,"column":0},"end":{"line":1,"column":24}},"1":{"start":{"line":3,"column":13},"end":{"line":26,"column":6}},"2":{"start":{"line":20,"column":12},"end":{"line":20,"column":62}}},"fnMap":{"0":{"name":"(anonymous_0)","decl":{"start":{"line":19,"column":8},"end":{"line":19,"column":9}},"loc":{"start":{"line":19,"column":19},"end":{"line":21,"column":9}}}},"branchMap":{},"s":{"0":3,"1":3,"2":7},"f":{"0":7},"b":{}}
}
