TN:
SF:src\server.ts
FN:5,createServer
FN:12,(anonymous_2)
FNF:2
FNH:1
FNDA:1,createServer
FNDA:0,(anonymous_2)
DA:1,1
DA:2,1
DA:3,1
DA:6,1
DA:8,1
DA:10,1
DA:12,1
DA:13,0
DA:14,0
DA:17,1
DA:19,1
DA:22,1
LF:12
LH:10
BRF:0
BRH:0
end_of_record
TN:
SF:src\controllers\v1\userController.ts
FN:10,(anonymous_1)
FN:44,(anonymous_2)
FNF:2
FNH:1
FNDA:8,(anonymous_1)
FNDA:0,(anonymous_2)
DA:2,1
DA:3,1
DA:4,1
DA:5,1
DA:6,1
DA:7,1
DA:8,1
DA:10,1
DA:11,8
DA:12,8
DA:15,8
DA:16,8
DA:17,1
DA:21,7
DA:22,7
DA:24,7
DA:25,3
DA:26,3
DA:30,4
DA:32,3
DA:34,2
DA:39,2
DA:40,2
DA:44,1
LF:24
LH:24
BRDA:16,0,0,1
BRDA:24,1,0,3
BRDA:25,2,0,1
BRDA:25,2,1,2
BRF:4
BRH:4
end_of_record
TN:
SF:src\enums\httpStatus.ts
FN:1,(anonymous_0)
FNF:1
FNH:1
FNDA:1,(anonymous_0)
DA:1,1
DA:2,1
DA:3,1
DA:4,1
DA:5,1
DA:6,1
DA:7,1
DA:8,1
DA:9,1
DA:10,1
DA:11,1
DA:12,1
LF:12
LH:12
BRDA:1,0,0,1
BRDA:1,0,1,1
BRF:2
BRH:2
end_of_record
TN:
SF:src\models\user.ts
FNF:0
FNH:0
DA:1,1
DA:3,1
DA:36,1
DA:38,1
LF:4
LH:4
BRDA:36,0,0,1
BRDA:36,0,1,1
BRF:2
BRH:2
end_of_record
TN:
SF:src\routes\v1\index.ts
FNF:0
FNH:0
DA:1,1
DA:2,1
DA:4,1
DA:6,1
DA:8,1
LF:5
LH:5
BRF:0
BRH:0
end_of_record
TN:
SF:src\routes\v1\modules\user.ts
FNF:0
FNH:0
DA:1,1
DA:2,1
DA:4,1
DA:6,1
DA:7,1
DA:9,1
LF:6
LH:6
BRF:0
BRH:0
end_of_record
TN:
SF:src\services\v1\userService.ts
FN:4,(anonymous_1)
FN:15,(anonymous_2)
FNF:2
FNH:2
FNDA:7,(anonymous_1)
FNDA:2,(anonymous_2)
DA:1,1
DA:4,1
DA:5,7
DA:6,7
DA:9,7
DA:11,0
DA:15,1
DA:16,2
DA:17,2
DA:18,2
DA:20,2
DA:22,0
LF:12
LH:10
BRF:0
BRH:0
end_of_record
TN:
SF:src\utils\errorHandler.ts
FN:4,handleError
FNF:1
FNH:1
FNDA:2,handleError
DA:2,1
DA:4,1
DA:5,2
DA:6,2
DA:8,0
LF:5
LH:4
BRDA:5,0,0,2
BRDA:5,0,1,0
BRF:2
BRH:1
end_of_record
TN:
SF:src\utils\httpResponseHandler.ts
FN:4,transformMessage
FN:11,httpExceptionHandler
FN:17,HttpNotFoundHandler
FN:24,HttpFetchedHandler
FN:31,HttpCreatedHandler
FN:38,HttpBadRequestHandler
FN:45,HttpUnauthorizedHandler
FN:52,HttpForbiddenHandler
FN:59,HttpMethodNotAllowedHandler
FN:66,HttpInternalServerErrorHandler
FN:76,HttpServiceUnavailableHandler
FNF:11
FNH:4
FNDA:8,transformMessage
FNDA:0,httpExceptionHandler
FNDA:0,HttpNotFoundHandler
FNDA:0,HttpFetchedHandler
FNDA:2,HttpCreatedHandler
FNDA:4,HttpBadRequestHandler
FNDA:0,HttpUnauthorizedHandler
FNDA:0,HttpForbiddenHandler
FNDA:0,HttpMethodNotAllowedHandler
FNDA:2,HttpInternalServerErrorHandler
FNDA:0,HttpServiceUnavailableHandler
DA:2,1
DA:5,8
DA:6,3
DA:8,5
DA:11,1
DA:12,0
DA:17,1
DA:18,0
DA:24,1
DA:25,0
DA:31,1
DA:32,2
DA:38,1
DA:39,4
DA:45,1
DA:46,0
DA:52,1
DA:53,0
DA:59,1
DA:60,0
DA:66,1
DA:70,2
DA:76,1
DA:77,0
LF:24
LH:17
BRDA:5,0,0,3
BRDA:17,1,0,0
BRDA:24,2,0,0
BRDA:31,3,0,0
BRDA:38,4,0,0
BRDA:45,5,0,0
BRDA:52,6,0,0
BRDA:59,7,0,0
BRDA:68,8,0,0
BRDA:76,9,0,0
BRF:10
BRH:1
end_of_record
TN:
SF:src\utils\logger.ts
FN:8,(anonymous_1)
FNF:1
FNH:1
FNDA:3,(anonymous_1)
DA:1,1
DA:2,1
DA:4,1
DA:8,3
DA:11,1
LF:5
LH:5
BRF:0
BRH:0
end_of_record
TN:
SF:src\utils\passwordManager.ts
FN:3,(anonymous_1)
FN:13,(anonymous_2)
FNF:2
FNH:1
FNDA:3,(anonymous_1)
FNDA:0,(anonymous_2)
DA:1,1
DA:3,1
DA:4,3
DA:5,3
DA:6,3
DA:7,3
DA:9,0
DA:13,1
DA:14,0
LF:9
LH:7
BRF:0
BRH:0
end_of_record
TN:
SF:src\utils\zodValidation.ts
FN:3,(anonymous_0)
FN:7,(anonymous_1)
FN:15,(anonymous_2)
FNF:3
FNH:3
FNDA:1,(anonymous_0)
FNDA:6,(anonymous_1)
FNDA:8,(anonymous_2)
DA:3,1
DA:4,1
DA:5,1
DA:7,1
DA:8,6
DA:9,6
DA:12,1
DA:15,1
DA:16,8
DA:18,8
DA:19,1
DA:22,7
LF:12
LH:12
BRDA:18,0,0,1
BRF:1
BRH:1
end_of_record
TN:
SF:src\validations\signup.ts
FN:19,(anonymous_0)
FNF:1
FNH:1
FNDA:7,(anonymous_0)
DA:1,1
DA:3,1
DA:20,7
LF:3
LH:3
BRF:0
BRH:0
end_of_record
